<?xml version="1.0" encoding="UTF-8"?>
<robot generator="Robot 6.0.2 (Python 3.11.1 on win32)" generated="20230324 13:54:54.231" rpa="false" schemaversion="3">
<suite id="s1" name="Top New Feed Mobile" source="D:\Mobile Robotframework\TestCase\MyFund\Top_New_Feed\Top_New_Feed_Mobile.robot">
<test id="s1-t1" name="TESTCASE014_Multiple Feed Contact By Schedule" line="325">
<kw name="Open Application" library="AppiumLibrary">
<arg>${URL}</arg>
<arg>udid=${DEVICE_UDIDLOGIN}</arg>
<arg>platformName=${PLATFORM}</arg>
<arg>platformVersion=${DEVICE_TARGET}</arg>
<arg>deviceName=${DEVICE_NAME}</arg>
<arg>app=${APP_LOCATION}</arg>
<arg>automationName=appium</arg>
<arg>noReset=true</arg>
<doc>Opens a new application to given Appium server.
Capabilities of appium server, Android and iOS,
Please check https://github.com/appium/appium/blob/master/docs/en/writing-running-appium/server-args.md
| *Option*            | *Man.* | *Description*     |
| remote_url          | Yes    | Appium server url |
| alias               | no     | alias             |
| strict_ssl          | No     | allows you to send commands to an invalid certificate host like a self-signed one. |</doc>
<status status="PASS" starttime="20230324 13:54:54.407" endtime="20230324 13:55:01.633"/>
</kw>
<kw name="Verify Progress Bra" library="Top_New_Feed_Mobile_Keywords">
<kw name="Wait Until Element Is Visible" library="AppiumLibrary">
<arg>//android.widget.ProgressBar[@resource-id="com.tisconet.ftc.sit:id/progressBar"]</arg>
<arg>timeout=20s</arg>
<doc>Waits until element specified with `locator` is visible.</doc>
<msg timestamp="20230324 13:55:05.023" level="INFO">xpath criteria: //android.widget.ProgressBar[@resource-id="com.tisconet.ftc.sit:id/progressBar"]
xpath criteria: //android.widget.ProgressBar[@resource-id="com.tisconet.ftc.sit:id/progressBar"]</msg>
<status status="PASS" starttime="20230324 13:55:01.634" endtime="20230324 13:55:05.023"/>
</kw>
<status status="PASS" starttime="20230324 13:55:01.633" endtime="20230324 13:55:05.023"/>
</kw>
<kw name="Press Button Accept Cookie" library="Top_New_Feed_Mobile_Keywords">
<kw name="Run Keyword And Return Status" library="BuiltIn">
<var>${Status}</var>
<arg>AppiumLibrary.Wait Until Element Is Visible</arg>
<arg>${locatAndroidButtonAcceptCookie}</arg>
<arg>timeout=10s</arg>
<doc>Runs the given keyword with given arguments and returns the status as a Boolean value.</doc>
<kw name="Wait Until Element Is Visible" library="AppiumLibrary">
<arg>${locatAndroidButtonAcceptCookie}</arg>
<arg>timeout=10s</arg>
<doc>Waits until element specified with `locator` is visible.</doc>
<msg timestamp="20230324 13:55:08.227" level="INFO">xpath criteria: //android.widget.Button[2]
xpath criteria: //android.widget.Button[2]</msg>
<status status="PASS" starttime="20230324 13:55:05.024" endtime="20230324 13:55:08.227"/>
</kw>
<msg timestamp="20230324 13:55:08.227" level="INFO">${Status} = True</msg>
<status status="PASS" starttime="20230324 13:55:05.024" endtime="20230324 13:55:08.227"/>
</kw>
<kw name="Run Keyword If" library="BuiltIn">
<arg>'${Status}'=='True'</arg>
<arg>Sleep</arg>
<arg>3s</arg>
<doc>Runs the given keyword with the given arguments, if ``condition`` is true.</doc>
<kw name="Sleep" library="BuiltIn">
<arg>3s</arg>
<doc>Pauses the test executed for the given time.</doc>
<msg timestamp="20230324 13:55:11.229" level="INFO">Slept 3 seconds</msg>
<status status="PASS" starttime="20230324 13:55:08.228" endtime="20230324 13:55:11.229"/>
</kw>
<status status="PASS" starttime="20230324 13:55:08.227" endtime="20230324 13:55:11.229"/>
</kw>
<kw name="Run Keyword If" library="BuiltIn">
<arg>'${Status}'=='True'</arg>
<arg>AppiumLibrary.Click Element</arg>
<arg>${locatAndroidButtonAcceptCookie}</arg>
<doc>Runs the given keyword with the given arguments, if ``condition`` is true.</doc>
<kw name="Click Element" library="AppiumLibrary">
<arg>${locatAndroidButtonAcceptCookie}</arg>
<doc>Click element identified by `locator`.</doc>
<msg timestamp="20230324 13:55:11.232" level="INFO">Clicking element '//android.widget.Button[2]'.</msg>
<msg timestamp="20230324 13:55:11.331" level="INFO">xpath criteria: //android.widget.Button[2]</msg>
<status status="PASS" starttime="20230324 13:55:11.229" endtime="20230324 13:55:11.331"/>
</kw>
<status status="PASS" starttime="20230324 13:55:11.229" endtime="20230324 13:55:11.331"/>
</kw>
<kw name="Log To Console" library="BuiltIn">
<arg>Status=${Status}</arg>
<doc>Logs the given message to the console.</doc>
<status status="PASS" starttime="20230324 13:55:11.331" endtime="20230324 13:55:11.332"/>
</kw>
<status status="PASS" starttime="20230324 13:55:05.024" endtime="20230324 13:55:11.332"/>
</kw>
<kw name="Press Icon Notification" library="Top_New_Feed_Mobile_Keywords">
<kw name="Wait Until Element Is Visible" library="AppiumLibrary">
<arg>${locatAndroidIconNotification}</arg>
<arg>timeout=10s</arg>
<doc>Waits until element specified with `locator` is visible.</doc>
<msg timestamp="20230324 13:55:13.471" level="INFO">xpath criteria: //android.widget.FrameLayout[@resource-id="com.tisconet.ftc.sit:id/notification"]</msg>
<status status="PASS" starttime="20230324 13:55:11.332" endtime="20230324 13:55:13.471"/>
</kw>
<kw name="Click Element" library="AppiumLibrary">
<arg>${locatAndroidIconNotification}</arg>
<doc>Click element identified by `locator`.</doc>
<msg timestamp="20230324 13:55:13.474" level="INFO">Clicking element '//android.widget.FrameLayout[@resource-id="com.tisconet.ftc.sit:id/notification"]'.</msg>
<msg timestamp="20230324 13:55:13.564" level="INFO">xpath criteria: //android.widget.FrameLayout[@resource-id="com.tisconet.ftc.sit:id/notification"]</msg>
<status status="PASS" starttime="20230324 13:55:13.472" endtime="20230324 13:55:13.564"/>
</kw>
<status status="PASS" starttime="20230324 13:55:11.332" endtime="20230324 13:55:13.564"/>
</kw>
<kw name="Verify Message Inbox" library="Top_New_Feed_Mobile_Keywords">
<arg>${VarMessageMultipleCase14#1}</arg>
<arg>${VarMessageDetailMultipleCase14}</arg>
<kw name="Wait Until Page Contains Element" library="AppiumLibrary">
<arg>${locatAndroidMessageTopicInbox}</arg>
<arg>timeout=10s</arg>
<doc>Waits until element specified with `locator` appears on current page.</doc>
<msg timestamp="20230324 13:55:15.038" level="INFO">xpath criteria: //android.view.ViewGroup[1]/android.widget.FrameLayout[1]/android.widget.LinearLayout/android.widget.LinearLayout/android.widget.TextView
xpath criteria: //android.view.ViewGroup[1]/android.widget.FrameLayout[1]/android.widget.LinearLayout/android.widget.LinearLayout/android.widget.TextView</msg>
<status status="PASS" starttime="20230324 13:55:13.565" endtime="20230324 13:55:15.038"/>
</kw>
<kw name="Sleep" library="BuiltIn">
<arg>4s</arg>
<doc>Pauses the test executed for the given time.</doc>
<msg timestamp="20230324 13:55:19.038" level="INFO">Slept 4 seconds</msg>
<status status="PASS" starttime="20230324 13:55:15.038" endtime="20230324 13:55:19.038"/>
</kw>
<kw name="Wait Until Page Contains Element" library="AppiumLibrary">
<arg>//android.widget.LinearLayout/android.widget.LinearLayout/android.widget.TextView[contains(@text,"${TopicValue}")]</arg>
<doc>Waits until element specified with `locator` appears on current page.</doc>
<msg timestamp="20230324 13:55:19.100" level="INFO">xpath criteria: //android.widget.LinearLayout/android.widget.LinearLayout/android.widget.TextView[contains(@text,"Automate mutiple notification Buy#1")]</msg>
<status status="PASS" starttime="20230324 13:55:19.038" endtime="20230324 13:55:19.100"/>
</kw>
<kw name="Wait Until Page Contains Element" library="AppiumLibrary">
<arg>//android.widget.LinearLayout/android.widget.LinearLayout/android.widget.TextView[1][contains(@text,"${DetailValue}")]</arg>
<doc>Waits until element specified with `locator` appears on current page.</doc>
<msg timestamp="20230324 13:55:19.154" level="INFO">xpath criteria: //android.widget.LinearLayout/android.widget.LinearLayout/android.widget.TextView[1][contains(@text,"Dear value customer,
Fund TINC-A meet target top earning 10% in 3 month.
If you want to invest on this fund please buy.")]</msg>
<status status="PASS" starttime="20230324 13:55:19.100" endtime="20230324 13:55:19.154"/>
</kw>
<status status="PASS" starttime="20230324 13:55:13.565" endtime="20230324 13:55:19.154"/>
</kw>
<kw name="Verify Time on Inbox" library="Top_New_Feed_Mobile_Keywords">
<arg>${varTimeCase14}</arg>
<kw name="Wait Until Page Contains Element" library="AppiumLibrary">
<arg>//android.widget.RelativeLayout//*[contains(@text,"${ExpectValue}")]</arg>
<arg>timeout=20s</arg>
<doc>Waits until element specified with `locator` appears on current page.</doc>
<msg timestamp="20230324 13:55:19.219" level="INFO">xpath criteria: //android.widget.RelativeLayout//*[contains(@text,"13:35")]</msg>
<status status="PASS" starttime="20230324 13:55:19.155" endtime="20230324 13:55:19.219"/>
</kw>
<status status="PASS" starttime="20230324 13:55:19.155" endtime="20230324 13:55:19.219"/>
</kw>
<kw name="Select Topic" library="Top_New_Feed_Mobile_Keywords">
<arg>${VarMessageMultipleCase14#1}</arg>
<kw name="Sleep" library="BuiltIn">
<arg>5s</arg>
<doc>Pauses the test executed for the given time.</doc>
<msg timestamp="20230324 13:55:24.220" level="INFO">Slept 5 seconds</msg>
<status status="PASS" starttime="20230324 13:55:19.220" endtime="20230324 13:55:24.220"/>
</kw>
<kw name="Click Element" library="AppiumLibrary">
<arg>//android.widget.TextView[@resource-id="com.tisconet.ftc.sit:id/tvHeader"][contains(@text,"${Topic}")]</arg>
<doc>Click element identified by `locator`.</doc>
<msg timestamp="20230324 13:55:24.223" level="INFO">Clicking element '//android.widget.TextView[@resource-id="com.tisconet.ftc.sit:id/tvHeader"][contains(@text,"Automate mutiple notification Buy#1")]'.</msg>
<msg timestamp="20230324 13:55:24.314" level="INFO">xpath criteria: //android.widget.TextView[@resource-id="com.tisconet.ftc.sit:id/tvHeader"][contains(@text,"Automate mutiple notification Buy#1")]</msg>
<status status="PASS" starttime="20230324 13:55:24.220" endtime="20230324 13:55:24.314"/>
</kw>
<status status="PASS" starttime="20230324 13:55:19.220" endtime="20230324 13:55:24.314"/>
</kw>
<kw name="Verify Message Detail In Inbox" library="Top_New_Feed_Mobile_Keywords">
<arg>${VarMessageMultipleCase14#1}</arg>
<arg>${VarMessageDetailMultipleCase14}</arg>
<kw name="Wait Until Page Contains Element" library="AppiumLibrary">
<arg>${locatAndroidMessageTopicInboxIn}</arg>
<arg>timeout=10s</arg>
<doc>Waits until element specified with `locator` appears on current page.</doc>
<msg timestamp="20230324 13:55:24.965" level="INFO">xpath criteria: //android.widget.ScrollView/android.widget.LinearLayout/android.widget.TextView[1]
xpath criteria: //android.widget.ScrollView/android.widget.LinearLayout/android.widget.TextView[1]</msg>
<status status="PASS" starttime="20230324 13:55:24.315" endtime="20230324 13:55:24.965"/>
</kw>
<kw name="Sleep" library="BuiltIn">
<arg>4s</arg>
<doc>Pauses the test executed for the given time.</doc>
<msg timestamp="20230324 13:55:28.965" level="INFO">Slept 4 seconds</msg>
<status status="PASS" starttime="20230324 13:55:24.965" endtime="20230324 13:55:28.965"/>
</kw>
<kw name="Wait Until Page Contains Element" library="AppiumLibrary">
<arg>//android.widget.LinearLayout/android.widget.TextView[1][contains(@text,"${TopicValue}")]</arg>
<arg>timeout=10s</arg>
<doc>Waits until element specified with `locator` appears on current page.</doc>
<msg timestamp="20230324 13:55:28.987" level="INFO">xpath criteria: //android.widget.LinearLayout/android.widget.TextView[1][contains(@text,"Automate mutiple notification Buy#1")]</msg>
<status status="PASS" starttime="20230324 13:55:28.965" endtime="20230324 13:55:28.987"/>
</kw>
<kw name="Text Shoud Be Equal" library="Top_New_Feed_Mobile_Keywords">
<arg>${locatAndroidMessageDetailInboxIn}</arg>
<arg>${DetailValue}</arg>
<kw name="Get Text" library="AppiumLibrary">
<var>${ActualValue}</var>
<arg>${Locator}</arg>
<doc>Get element text (for hybrid and mobile browser use `xpath` locator, others might cause problem)</doc>
<msg timestamp="20230324 13:55:29.017" level="INFO">Element '//android.widget.ScrollView/android.widget.TextView' text is 'Dear value customer,
Fund TINC-A meet target top earning 10% in 3 month.
If you want to invest on this fund please buy.' </msg>
<msg timestamp="20230324 13:55:29.017" level="INFO">xpath criteria: //android.widget.ScrollView/android.widget.TextView</msg>
<msg timestamp="20230324 13:55:29.017" level="INFO">${ActualValue} = Dear value customer,
Fund TINC-A meet target top earning 10% in 3 month.
If you want to invest on this fund please buy.</msg>
<status status="PASS" starttime="20230324 13:55:28.987" endtime="20230324 13:55:29.017"/>
</kw>
<kw name="Should Be Equal" library="BuiltIn">
<arg>${ActualValue}</arg>
<arg>${ExpectValue}</arg>
<doc>Fails if the given objects are unequal.</doc>
<status status="PASS" starttime="20230324 13:55:29.017" endtime="20230324 13:55:29.017"/>
</kw>
<status status="PASS" starttime="20230324 13:55:28.987" endtime="20230324 13:55:29.017"/>
</kw>
<status status="PASS" starttime="20230324 13:55:24.315" endtime="20230324 13:55:29.017"/>
</kw>
<kw name="Verify Date Time In Message as Schedule" library="Top_New_Feed_Mobile_Keywords">
<arg>${varTimeCase14}</arg>
<kw name="Get Current Day Mobile" library="Top_New_Feed_Mobile_Keywords">
<var>${day}</var>
<kw name="Get Time" library="BuiltIn">
<var>${today}</var>
<doc>Returns the given time in the requested format.</doc>
<msg timestamp="20230324 13:55:29.018" level="INFO">${today} = 2023-03-24 13:55:29</msg>
<status status="PASS" starttime="20230324 13:55:29.018" endtime="20230324 13:55:29.018"/>
</kw>
<kw name="Log To Console" library="BuiltIn">
<arg>todaytodaytoday${today}</arg>
<doc>Logs the given message to the console.</doc>
<status status="PASS" starttime="20230324 13:55:29.018" endtime="20230324 13:55:29.018"/>
</kw>
<kw name="Convert Date" library="DateTime">
<var>${today_formated}</var>
<arg>${today}</arg>
<arg>result_format=%d</arg>
<doc>Converts between supported `date formats`.</doc>
<msg timestamp="20230324 13:55:29.021" level="INFO">${today_formated} = 24</msg>
<status status="PASS" starttime="20230324 13:55:29.018" endtime="20230324 13:55:29.021"/>
</kw>
<kw name="Replace String Using Regexp" library="String">
<var>${today_no_padding}</var>
<arg>${today_formated}</arg>
<arg>^0</arg>
<arg>${EMPTY}</arg>
<doc>Replaces ``pattern`` in the given ``string`` with ``replace_with``.</doc>
<msg timestamp="20230324 13:55:29.022" level="INFO">${today_no_padding} = 24</msg>
<status status="PASS" starttime="20230324 13:55:29.021" endtime="20230324 13:55:29.022"/>
</kw>
<kw name="Log To Console" library="BuiltIn">
<arg>today${today_no_padding}</arg>
<doc>Logs the given message to the console.</doc>
<status status="PASS" starttime="20230324 13:55:29.022" endtime="20230324 13:55:29.022"/>
</kw>
<msg timestamp="20230324 13:55:29.022" level="INFO">${day} = 24</msg>
<status status="PASS" starttime="20230324 13:55:29.018" endtime="20230324 13:55:29.022"/>
</kw>
<kw name="Get Current Month Mobile" library="Top_New_Feed_Mobile_Keywords">
<var>${month}</var>
<kw name="Get Current Date" library="DateTime">
<var>${currentMonth}</var>
<arg>result_format=%m</arg>
<doc>Returns current local or UTC time with an optional increment.</doc>
<msg timestamp="20230324 13:55:29.022" level="INFO">${currentMonth} = 03</msg>
<status status="PASS" starttime="20230324 13:55:29.022" endtime="20230324 13:55:29.022"/>
</kw>
<kw name="Log To Console" library="BuiltIn">
<arg>currentMonth${currentMonth}</arg>
<doc>Logs the given message to the console.</doc>
<status status="PASS" starttime="20230324 13:55:29.022" endtime="20230324 13:55:29.022"/>
</kw>
<kw name="Run Keyword If" library="BuiltIn">
<var>${MONTH}</var>
<arg>'${currentMonth}'=='01'</arg>
<arg>BuiltIn.Set Variable</arg>
<arg>ม.ค.</arg>
<arg>ELSE IF</arg>
<arg>'${currentMonth}'=='02'</arg>
<arg>BuiltIn.Set Variable</arg>
<arg>ก.พ.</arg>
<arg>ELSE IF</arg>
<arg>'${currentMonth}'=='03'</arg>
<arg>BuiltIn.Set Variable</arg>
<arg>มี.ค.</arg>
<arg>ELSE IF</arg>
<arg>'${currentMonth}'=='04'</arg>
<arg>BuiltIn.Set Variable</arg>
<arg>เม.ย.</arg>
<arg>ELSE IF</arg>
<arg>'${currentMonth}'=='05'</arg>
<arg>BuiltIn.Set Variable</arg>
<arg>พ.ค.</arg>
<arg>ELSE IF</arg>
<arg>'${currentMonth}'=='06'</arg>
<arg>BuiltIn.Set Variable</arg>
<arg>มิ.ย.</arg>
<arg>ELSE IF</arg>
<arg>'${currentMonth}'=='07'</arg>
<arg>BuiltIn.Set Variable</arg>
<arg>ก.ต.</arg>
<arg>ELSE IF</arg>
<arg>'${currentMonth}'=='08'</arg>
<arg>BuiltIn.Set Variable</arg>
<arg>ส.ค.</arg>
<arg>ELSE IF</arg>
<arg>'${currentMonth}'=='09'</arg>
<arg>BuiltIn.Set Variable</arg>
<arg>ก.ย.</arg>
<arg>ELSE IF</arg>
<arg>'${currentMonth}'=='10'</arg>
<arg>BuiltIn.Set Variable</arg>
<arg>ต.ค.</arg>
<arg>ELSE IF</arg>
<arg>'${currentMonth}'=='11'</arg>
<arg>BuiltIn.Set Variable</arg>
<arg>พ.ย.</arg>
<arg>ELSE IF</arg>
<arg>'${currentMonth}'=='12'</arg>
<arg>BuiltIn.Set Variable</arg>
<arg>ธ.ค.</arg>
<doc>Runs the given keyword with the given arguments, if ``condition`` is true.</doc>
<kw name="Set Variable" library="BuiltIn">
<arg>มี.ค.</arg>
<doc>Returns the given values which can then be assigned to a variables.</doc>
<status status="PASS" starttime="20230324 13:55:29.023" endtime="20230324 13:55:29.023"/>
</kw>
<msg timestamp="20230324 13:55:29.023" level="INFO">${MONTH} = มี.ค.</msg>
<status status="PASS" starttime="20230324 13:55:29.022" endtime="20230324 13:55:29.023"/>
</kw>
<msg timestamp="20230324 13:55:29.023" level="INFO">${month} = มี.ค.</msg>
<status status="PASS" starttime="20230324 13:55:29.022" endtime="20230324 13:55:29.023"/>
</kw>
<kw name="Get Current Year My Fund" library="Top_New_Feed_Mobile_Keywords">
<var>${year}</var>
<kw name="Get Current Date" library="DateTime">
<var>${year}</var>
<arg>result_format=%Y</arg>
<doc>Returns current local or UTC time with an optional increment.</doc>
<msg timestamp="20230324 13:55:29.025" level="INFO">${year} = 2023</msg>
<status status="PASS" starttime="20230324 13:55:29.023" endtime="20230324 13:55:29.025"/>
</kw>
<kw name="Evaluate" library="BuiltIn">
<var>${yearBE}</var>
<arg>${year}+543</arg>
<doc>Evaluates the given expression in Python and returns the result.</doc>
<msg timestamp="20230324 13:55:29.025" level="INFO">${yearBE} = 2566</msg>
<status status="PASS" starttime="20230324 13:55:29.025" endtime="20230324 13:55:29.025"/>
</kw>
<kw name="Log To Console" library="BuiltIn">
<arg>yearBE${yearBE}</arg>
<doc>Logs the given message to the console.</doc>
<status status="PASS" starttime="20230324 13:55:29.025" endtime="20230324 13:55:29.025"/>
</kw>
<kw name="Convert To String" library="BuiltIn">
<var>${convertstring}</var>
<arg>${yearBE}</arg>
<doc>Converts the given item to a Unicode string.</doc>
<msg timestamp="20230324 13:55:29.025" level="INFO">${convertstring} = 2566</msg>
<status status="PASS" starttime="20230324 13:55:29.025" endtime="20230324 13:55:29.025"/>
</kw>
<kw name="Log To Console" library="BuiltIn">
<arg>convertstring${convertstring}</arg>
<doc>Logs the given message to the console.</doc>
<status status="PASS" starttime="20230324 13:55:29.025" endtime="20230324 13:55:29.026"/>
</kw>
<kw name="Remove String" library="String">
<var>${RemoveStringYearBE}</var>
<arg>${convertstring}</arg>
<arg>25</arg>
<arg>26</arg>
<arg>27</arg>
<doc>Removes all ``removables`` from the given ``string``.</doc>
<msg timestamp="20230324 13:55:29.026" level="INFO">${RemoveStringYearBE} = 66</msg>
<status status="PASS" starttime="20230324 13:55:29.026" endtime="20230324 13:55:29.026"/>
</kw>
<kw name="Log To Console" library="BuiltIn">
<arg>RemoveStringYearBE${RemoveStringYearBE}</arg>
<doc>Logs the given message to the console.</doc>
<status status="PASS" starttime="20230324 13:55:29.026" endtime="20230324 13:55:29.026"/>
</kw>
<msg timestamp="20230324 13:55:29.026" level="INFO">${year} = 66</msg>
<status status="PASS" starttime="20230324 13:55:29.023" endtime="20230324 13:55:29.026"/>
</kw>
<kw name="Wait Until Page Contains Element" library="AppiumLibrary">
<arg>//android.widget.ScrollView/android.widget.LinearLayout/android.widget.TextView[2][contains(@text,"${day} ${month} ${year} เวลา ${Time} น.")]</arg>
<doc>Waits until element specified with `locator` appears on current page.</doc>
<msg timestamp="20230324 13:55:29.050" level="INFO">xpath criteria: //android.widget.ScrollView/android.widget.LinearLayout/android.widget.TextView[2][contains(@text,"24 มี.ค. 66 เวลา 13:35 น.")]</msg>
<status status="PASS" starttime="20230324 13:55:29.026" endtime="20230324 13:55:29.050"/>
</kw>
<status status="PASS" starttime="20230324 13:55:29.017" endtime="20230324 13:55:29.050"/>
</kw>
<kw name="Verify Button Interested in Invest" library="Top_New_Feed_Mobile_Keywords">
<kw name="Wait Until Page Contains Element" library="AppiumLibrary">
<arg>//android.widget.Button[contains(@text,"สนใจลงทุน")]</arg>
<doc>Waits until element specified with `locator` appears on current page.</doc>
<msg timestamp="20230324 13:55:29.075" level="INFO">xpath criteria: //android.widget.Button[contains(@text,"สนใจลงทุน")]</msg>
<status status="PASS" starttime="20230324 13:55:29.051" endtime="20230324 13:55:29.075"/>
</kw>
<status status="PASS" starttime="20230324 13:55:29.051" endtime="20230324 13:55:29.075"/>
</kw>
<kw name="Press Button Back" library="Top_New_Feed_Mobile_Keywords">
<kw name="Click Element" library="AppiumLibrary">
<arg>${locatAndroidButtonBackInbox}</arg>
<doc>Click element identified by `locator`.</doc>
<msg timestamp="20230324 13:55:29.078" level="INFO">Clicking element '//android.widget.TextView[contains(@text,"กลับ")]'.</msg>
<msg timestamp="20230324 13:55:29.857" level="INFO">xpath criteria: //android.widget.TextView[contains(@text,"กลับ")]</msg>
<status status="PASS" starttime="20230324 13:55:29.075" endtime="20230324 13:55:29.857"/>
</kw>
<status status="PASS" starttime="20230324 13:55:29.075" endtime="20230324 13:55:29.857"/>
</kw>
<kw name="Verify Message Inbox" library="Top_New_Feed_Mobile_Keywords">
<arg>${VarMessageMultipleCase14#2}</arg>
<arg>${VarMessageDetailMultipleCase14#2}</arg>
<kw name="Wait Until Page Contains Element" library="AppiumLibrary">
<arg>${locatAndroidMessageTopicInbox}</arg>
<arg>timeout=10s</arg>
<doc>Waits until element specified with `locator` appears on current page.</doc>
<msg timestamp="20230324 13:55:29.903" level="INFO">xpath criteria: //android.view.ViewGroup[1]/android.widget.FrameLayout[1]/android.widget.LinearLayout/android.widget.LinearLayout/android.widget.TextView</msg>
<status status="PASS" starttime="20230324 13:55:29.858" endtime="20230324 13:55:29.903"/>
</kw>
<kw name="Sleep" library="BuiltIn">
<arg>4s</arg>
<doc>Pauses the test executed for the given time.</doc>
<msg timestamp="20230324 13:55:33.905" level="INFO">Slept 4 seconds</msg>
<status status="PASS" starttime="20230324 13:55:29.904" endtime="20230324 13:55:33.905"/>
</kw>
<kw name="Wait Until Page Contains Element" library="AppiumLibrary">
<arg>//android.widget.LinearLayout/android.widget.LinearLayout/android.widget.TextView[contains(@text,"${TopicValue}")]</arg>
<doc>Waits until element specified with `locator` appears on current page.</doc>
<msg timestamp="20230324 13:55:33.949" level="INFO">xpath criteria: //android.widget.LinearLayout/android.widget.LinearLayout/android.widget.TextView[contains(@text,"Automate mutiple notification Buy#2")]</msg>
<status status="PASS" starttime="20230324 13:55:33.905" endtime="20230324 13:55:33.949"/>
</kw>
<kw name="Wait Until Page Contains Element" library="AppiumLibrary">
<arg>//android.widget.LinearLayout/android.widget.LinearLayout/android.widget.TextView[1][contains(@text,"${DetailValue}")]</arg>
<doc>Waits until element specified with `locator` appears on current page.</doc>
<msg timestamp="20230324 13:55:33.999" level="INFO">xpath criteria: //android.widget.LinearLayout/android.widget.LinearLayout/android.widget.TextView[1][contains(@text,"Dear value customer,
Fund TINC-A win fund award from SET.
If you want to invest on this fund please buy.")]</msg>
<status status="PASS" starttime="20230324 13:55:33.949" endtime="20230324 13:55:33.999"/>
</kw>
<status status="PASS" starttime="20230324 13:55:29.858" endtime="20230324 13:55:33.999"/>
</kw>
<kw name="Verify Time on Inbox" library="Top_New_Feed_Mobile_Keywords">
<arg>${varTimeCase14}</arg>
<kw name="Wait Until Page Contains Element" library="AppiumLibrary">
<arg>//android.widget.RelativeLayout//*[contains(@text,"${ExpectValue}")]</arg>
<arg>timeout=20s</arg>
<doc>Waits until element specified with `locator` appears on current page.</doc>
<msg timestamp="20230324 13:55:34.053" level="INFO">xpath criteria: //android.widget.RelativeLayout//*[contains(@text,"13:35")]</msg>
<status status="PASS" starttime="20230324 13:55:34.000" endtime="20230324 13:55:34.053"/>
</kw>
<status status="PASS" starttime="20230324 13:55:34.000" endtime="20230324 13:55:34.053"/>
</kw>
<kw name="Select Topic" library="Top_New_Feed_Mobile_Keywords">
<arg>${VarMessageMultipleCase14#2}</arg>
<kw name="Sleep" library="BuiltIn">
<arg>5s</arg>
<doc>Pauses the test executed for the given time.</doc>
<msg timestamp="20230324 13:55:39.055" level="INFO">Slept 5 seconds</msg>
<status status="PASS" starttime="20230324 13:55:34.054" endtime="20230324 13:55:39.055"/>
</kw>
<kw name="Click Element" library="AppiumLibrary">
<arg>//android.widget.TextView[@resource-id="com.tisconet.ftc.sit:id/tvHeader"][contains(@text,"${Topic}")]</arg>
<doc>Click element identified by `locator`.</doc>
<msg timestamp="20230324 13:55:39.058" level="INFO">Clicking element '//android.widget.TextView[@resource-id="com.tisconet.ftc.sit:id/tvHeader"][contains(@text,"Automate mutiple notification Buy#2")]'.</msg>
<msg timestamp="20230324 13:55:39.147" level="INFO">xpath criteria: //android.widget.TextView[@resource-id="com.tisconet.ftc.sit:id/tvHeader"][contains(@text,"Automate mutiple notification Buy#2")]</msg>
<status status="PASS" starttime="20230324 13:55:39.055" endtime="20230324 13:55:39.148"/>
</kw>
<status status="PASS" starttime="20230324 13:55:34.053" endtime="20230324 13:55:39.148"/>
</kw>
<kw name="Verify Message Detail In Inbox" library="Top_New_Feed_Mobile_Keywords">
<arg>${VarMessageMultipleCase14#2}</arg>
<arg>${VarMessageDetailMultipleCase14#2}</arg>
<kw name="Wait Until Page Contains Element" library="AppiumLibrary">
<arg>${locatAndroidMessageTopicInboxIn}</arg>
<arg>timeout=10s</arg>
<doc>Waits until element specified with `locator` appears on current page.</doc>
<msg timestamp="20230324 13:55:39.289" level="INFO">xpath criteria: //android.widget.ScrollView/android.widget.LinearLayout/android.widget.TextView[1]</msg>
<status status="PASS" starttime="20230324 13:55:39.148" endtime="20230324 13:55:39.289"/>
</kw>
<kw name="Sleep" library="BuiltIn">
<arg>4s</arg>
<doc>Pauses the test executed for the given time.</doc>
<msg timestamp="20230324 13:55:43.290" level="INFO">Slept 4 seconds</msg>
<status status="PASS" starttime="20230324 13:55:39.289" endtime="20230324 13:55:43.290"/>
</kw>
<kw name="Wait Until Page Contains Element" library="AppiumLibrary">
<arg>//android.widget.LinearLayout/android.widget.TextView[1][contains(@text,"${TopicValue}")]</arg>
<arg>timeout=10s</arg>
<doc>Waits until element specified with `locator` appears on current page.</doc>
<msg timestamp="20230324 13:55:43.310" level="INFO">xpath criteria: //android.widget.LinearLayout/android.widget.TextView[1][contains(@text,"Automate mutiple notification Buy#2")]</msg>
<status status="PASS" starttime="20230324 13:55:43.290" endtime="20230324 13:55:43.310"/>
</kw>
<kw name="Text Shoud Be Equal" library="Top_New_Feed_Mobile_Keywords">
<arg>${locatAndroidMessageDetailInboxIn}</arg>
<arg>${DetailValue}</arg>
<kw name="Get Text" library="AppiumLibrary">
<var>${ActualValue}</var>
<arg>${Locator}</arg>
<doc>Get element text (for hybrid and mobile browser use `xpath` locator, others might cause problem)</doc>
<msg timestamp="20230324 13:55:43.338" level="INFO">Element '//android.widget.ScrollView/android.widget.TextView' text is 'Dear value customer,
Fund TINC-A win fund award from SET.
If you want to invest on this fund please buy.' </msg>
<msg timestamp="20230324 13:55:43.338" level="INFO">xpath criteria: //android.widget.ScrollView/android.widget.TextView</msg>
<msg timestamp="20230324 13:55:43.338" level="INFO">${ActualValue} = Dear value customer,
Fund TINC-A win fund award from SET.
If you want to invest on this fund please buy.</msg>
<status status="PASS" starttime="20230324 13:55:43.310" endtime="20230324 13:55:43.338"/>
</kw>
<kw name="Should Be Equal" library="BuiltIn">
<arg>${ActualValue}</arg>
<arg>${ExpectValue}</arg>
<doc>Fails if the given objects are unequal.</doc>
<status status="PASS" starttime="20230324 13:55:43.338" endtime="20230324 13:55:43.338"/>
</kw>
<status status="PASS" starttime="20230324 13:55:43.310" endtime="20230324 13:55:43.338"/>
</kw>
<status status="PASS" starttime="20230324 13:55:39.148" endtime="20230324 13:55:43.338"/>
</kw>
<kw name="Verify Button Interested in Invest" library="Top_New_Feed_Mobile_Keywords">
<kw name="Wait Until Page Contains Element" library="AppiumLibrary">
<arg>//android.widget.Button[contains(@text,"สนใจลงทุน")]</arg>
<doc>Waits until element specified with `locator` appears on current page.</doc>
<msg timestamp="20230324 13:55:43.359" level="INFO">xpath criteria: //android.widget.Button[contains(@text,"สนใจลงทุน")]</msg>
<status status="PASS" starttime="20230324 13:55:43.339" endtime="20230324 13:55:43.359"/>
</kw>
<status status="PASS" starttime="20230324 13:55:43.339" endtime="20230324 13:55:43.359"/>
</kw>
<kw name="Click Button Interested in Invest" library="Top_New_Feed_Mobile_Keywords">
<kw name="Click Element" library="AppiumLibrary">
<arg>//android.widget.Button[contains(@text,"สนใจลงทุน")]</arg>
<doc>Click element identified by `locator`.</doc>
<msg timestamp="20230324 13:55:43.363" level="INFO">Clicking element '//android.widget.Button[contains(@text,"สนใจลงทุน")]'.</msg>
<msg timestamp="20230324 13:55:43.414" level="INFO">xpath criteria: //android.widget.Button[contains(@text,"สนใจลงทุน")]</msg>
<status status="PASS" starttime="20230324 13:55:43.359" endtime="20230324 13:55:43.414"/>
</kw>
<status status="PASS" starttime="20230324 13:55:43.359" endtime="20230324 13:55:43.415"/>
</kw>
<kw name="Click Pin" library="Top_New_Feed_Mobile_Keywords">
<arg>1</arg>
<arg>1</arg>
<arg>2</arg>
<arg>2</arg>
<arg>3</arg>
<arg>3</arg>
<kw name="Sleep" library="BuiltIn">
<arg>3s</arg>
<doc>Pauses the test executed for the given time.</doc>
<msg timestamp="20230324 13:55:46.417" level="INFO">Slept 3 seconds</msg>
<status status="PASS" starttime="20230324 13:55:43.416" endtime="20230324 13:55:46.417"/>
</kw>
<kw name="Wait Until Page Contains Element" library="AppiumLibrary">
<arg>${locatLabelPleaseInputPIN}</arg>
<doc>Waits until element specified with `locator` appears on current page.</doc>
<msg timestamp="20230324 13:55:46.446" level="INFO">xpath criteria: //android.widget.LinearLayout[1]/android.widget.TextView[contains(@text,"กรุณากด PIN เพื่อเข้าสู่ระบบ")]</msg>
<status status="PASS" starttime="20230324 13:55:46.417" endtime="20230324 13:55:46.447"/>
</kw>
<kw name="Click Element" library="AppiumLibrary">
<arg>//*[@resource-id="com.tisconet.ftc.sit:id/btn_pin${Nummber1}"]</arg>
<doc>Click element identified by `locator`.</doc>
<msg timestamp="20230324 13:55:46.451" level="INFO">Clicking element '//*[@resource-id="com.tisconet.ftc.sit:id/btn_pin1"]'.</msg>
<msg timestamp="20230324 13:55:46.514" level="INFO">xpath criteria: //*[@resource-id="com.tisconet.ftc.sit:id/btn_pin1"]</msg>
<status status="PASS" starttime="20230324 13:55:46.447" endtime="20230324 13:55:46.514"/>
</kw>
<kw name="Click Element" library="AppiumLibrary">
<arg>//*[@resource-id="com.tisconet.ftc.sit:id/btn_pin${Nummber2}"]</arg>
<doc>Click element identified by `locator`.</doc>
<msg timestamp="20230324 13:55:46.518" level="INFO">Clicking element '//*[@resource-id="com.tisconet.ftc.sit:id/btn_pin1"]'.</msg>
<msg timestamp="20230324 13:55:47.049" level="INFO">xpath criteria: //*[@resource-id="com.tisconet.ftc.sit:id/btn_pin1"]</msg>
<status status="PASS" starttime="20230324 13:55:46.514" endtime="20230324 13:55:47.049"/>
</kw>
<kw name="Click Element" library="AppiumLibrary">
<arg>//*[@resource-id="com.tisconet.ftc.sit:id/btn_pin${Nummber3}"]</arg>
<doc>Click element identified by `locator`.</doc>
<msg timestamp="20230324 13:55:47.052" level="INFO">Clicking element '//*[@resource-id="com.tisconet.ftc.sit:id/btn_pin2"]'.</msg>
<msg timestamp="20230324 13:55:47.581" level="INFO">xpath criteria: //*[@resource-id="com.tisconet.ftc.sit:id/btn_pin2"]</msg>
<status status="PASS" starttime="20230324 13:55:47.049" endtime="20230324 13:55:47.581"/>
</kw>
<kw name="Click Element" library="AppiumLibrary">
<arg>//*[@resource-id="com.tisconet.ftc.sit:id/btn_pin${Nummber4}"]</arg>
<doc>Click element identified by `locator`.</doc>
<msg timestamp="20230324 13:55:47.584" level="INFO">Clicking element '//*[@resource-id="com.tisconet.ftc.sit:id/btn_pin2"]'.</msg>
<msg timestamp="20230324 13:55:48.116" level="INFO">xpath criteria: //*[@resource-id="com.tisconet.ftc.sit:id/btn_pin2"]</msg>
<status status="PASS" starttime="20230324 13:55:47.581" endtime="20230324 13:55:48.116"/>
</kw>
<kw name="Click Element" library="AppiumLibrary">
<arg>//*[@resource-id="com.tisconet.ftc.sit:id/btn_pin${Nummber5}"]</arg>
<doc>Click element identified by `locator`.</doc>
<msg timestamp="20230324 13:55:48.119" level="INFO">Clicking element '//*[@resource-id="com.tisconet.ftc.sit:id/btn_pin3"]'.</msg>
<msg timestamp="20230324 13:55:48.648" level="INFO">xpath criteria: //*[@resource-id="com.tisconet.ftc.sit:id/btn_pin3"]</msg>
<status status="PASS" starttime="20230324 13:55:48.116" endtime="20230324 13:55:48.648"/>
</kw>
<kw name="Click Element" library="AppiumLibrary">
<arg>//*[@resource-id="com.tisconet.ftc.sit:id/btn_pin${Nummber6}"]</arg>
<doc>Click element identified by `locator`.</doc>
<msg timestamp="20230324 13:55:48.651" level="INFO">Clicking element '//*[@resource-id="com.tisconet.ftc.sit:id/btn_pin3"]'.</msg>
<msg timestamp="20230324 13:55:49.182" level="INFO">xpath criteria: //*[@resource-id="com.tisconet.ftc.sit:id/btn_pin3"]</msg>
<status status="PASS" starttime="20230324 13:55:48.648" endtime="20230324 13:55:49.182"/>
</kw>
<kw name="Capture Page Screenshot" library="AppiumLibrary">
<arg>ClickPin.png</arg>
<doc>Takes a screenshot of the current page and embeds it into the log.</doc>
<msg timestamp="20230324 13:55:49.657" level="INFO" html="true">&lt;/td&gt;&lt;/tr&gt;&lt;tr&gt;&lt;td colspan="3"&gt;&lt;a href="ClickPin.png"&gt;&lt;img src="ClickPin.png" width="800px"&gt;&lt;/a&gt;</msg>
<status status="PASS" starttime="20230324 13:55:49.182" endtime="20230324 13:55:49.657"/>
</kw>
<status status="PASS" starttime="20230324 13:55:43.415" endtime="20230324 13:55:49.657"/>
</kw>
<kw name="Verify Mobile Loading Is Done" library="Top_New_Feed_Mobile_Keywords">
<kw name="Wait Until Page Does Not Contain Element" library="AppiumLibrary">
<arg>//*[contains(@text,"กรุณารอสักครู่")]</arg>
<doc>Waits until element specified with `locator` disappears from current page.</doc>
<msg timestamp="20230324 13:55:50.156" level="INFO">xpath criteria: //*[contains(@text,"กรุณารอสักครู่")]</msg>
<status status="PASS" starttime="20230324 13:55:49.657" endtime="20230324 13:55:50.156"/>
</kw>
<kw name="Sleep" library="BuiltIn">
<arg>5s</arg>
<doc>Pauses the test executed for the given time.</doc>
<msg timestamp="20230324 13:55:55.156" level="INFO">Slept 5 seconds</msg>
<status status="PASS" starttime="20230324 13:55:50.156" endtime="20230324 13:55:55.156"/>
</kw>
<status status="PASS" starttime="20230324 13:55:49.657" endtime="20230324 13:55:55.156"/>
</kw>
<kw name="Verify Default Transaction Screen" library="Top_New_Feed_Mobile_Keywords">
<arg>${varActive}</arg>
<arg>${varNotActive}</arg>
<arg>${varNotActive}</arg>
<arg>${varFundCodeTINC-A}</arg>
<arg>${varFundCodeTINC-A}</arg>
<arg>${varFundNameTINC-A}</arg>
<kw name="Wait Until Page Contains Element" library="AppiumLibrary">
<arg>//android.view.ViewGroup[@resource-id="com.tisconet.ftc.sit:id/toolbar"]//android.widget.TextView[contains(@text,"ทำรายการ")]</arg>
<arg>timeout=10s</arg>
<doc>Waits until element specified with `locator` appears on current page.</doc>
<msg timestamp="20230324 13:56:03.882" level="INFO">xpath criteria: //android.view.ViewGroup[@resource-id="com.tisconet.ftc.sit:id/toolbar"]//android.widget.TextView[contains(@text,"ทำรายการ")]
xpath criteria: //android.view.ViewGroup[@resource-id="com.tisconet.ftc.sit:id/toolbar"]//android.widget.TextView[contains(@text,"ทำรายการ")]
xpath criteria: //android.view.ViewGroup[@resource-id="com.tisconet.ftc.sit:id/toolbar"]//android.widget.TextView[contains(@text,"ทำรายการ")]
xpath criteria: //android.view.ViewGroup[@resource-id="com.tisconet.ftc.sit:id/toolbar"]//android.widget.TextView[contains(@text,"ทำรายการ")]
xpath criteria: //android.view.ViewGroup[@resource-id="com.tisconet.ftc.sit:id/toolbar"]//android.widget.TextView[contains(@text,"ทำรายการ")]
xpath criteria: //android.view.ViewGroup[@resource-id="com.tisconet.ftc.sit:id/toolbar"]//android.widget.TextView[contains(@text,"ทำรายการ")]
xpath criteria: //android.view.ViewGroup[@resource-id="com.tisconet.ftc.sit:id/toolbar"]//android.widget.TextView[contains(@text,"ทำรายการ")]
xpath criteria: //android.view.ViewGroup[@resource-id="com.tisconet.ftc.sit:id/toolbar"]//android.widget.TextView[contains(@text,"ทำรายการ")]
xpath criteria: //android.view.ViewGroup[@resource-id="com.tisconet.ftc.sit:id/toolbar"]//android.widget.TextView[contains(@text,"ทำรายการ")]
xpath criteria: //android.view.ViewGroup[@resource-id="com.tisconet.ftc.sit:id/toolbar"]//android.widget.TextView[contains(@text,"ทำรายการ")]
xpath criteria: //android.view.ViewGroup[@resource-id="com.tisconet.ftc.sit:id/toolbar"]//android.widget.TextView[contains(@text,"ทำรายการ")]
xpath criteria: //android.view.ViewGroup[@resource-id="com.tisconet.ftc.sit:id/toolbar"]//android.widget.TextView[contains(@text,"ทำรายการ")]
xpath criteria: //android.view.ViewGroup[@resource-id="com.tisconet.ftc.sit:id/toolbar"]//android.widget.TextView[contains(@text,"ทำรายการ")]
xpath criteria: //android.view.ViewGroup[@resource-id="com.tisconet.ftc.sit:id/toolbar"]//android.widget.TextView[contains(@text,"ทำรายการ")]
xpath criteria: //android.view.ViewGroup[@resource-id="com.tisconet.ftc.sit:id/toolbar"]//android.widget.TextView[contains(@text,"ทำรายการ")]
xpath criteria: //android.view.ViewGroup[@resource-id="com.tisconet.ftc.sit:id/toolbar"]//android.widget.TextView[contains(@text,"ทำรายการ")]
xpath criteria: //android.view.ViewGroup[@resource-id="com.tisconet.ftc.sit:id/toolbar"]//android.widget.TextView[contains(@text,"ทำรายการ")]
xpath criteria: //android.view.ViewGroup[@resource-id="com.tisconet.ftc.sit:id/toolbar"]//android.widget.TextView[contains(@text,"ทำรายการ")]
xpath criteria: //android.view.ViewGroup[@resource-id="com.tisconet.ftc.sit:id/toolbar"]//android.widget.TextView[contains(@text,"ทำรายการ")]
xpath criteria: //android.view.ViewGroup[@resource-id="com.tisconet.ftc.sit:id/toolbar"]//android.widget.TextView[contains(@text,"ทำรายการ")]
xpath criteria: //android.view.ViewGroup[@resource-id="com.tisconet.ftc.sit:id/toolbar"]//android.widget.TextView[contains(@text,"ทำรายการ")]
xpath criteria: //android.view.ViewGroup[@resource-id="com.tisconet.ftc.sit:id/toolbar"]//android.widget.TextView[contains(@text,"ทำรายการ")]
xpath criteria: //android.view.ViewGroup[@resource-id="com.tisconet.ftc.sit:id/toolbar"]//android.widget.TextView[contains(@text,"ทำรายการ")]
xpath criteria: //android.view.ViewGroup[@resource-id="com.tisconet.ftc.sit:id/toolbar"]//android.widget.TextView[contains(@text,"ทำรายการ")]</msg>
<status status="PASS" starttime="20230324 13:55:55.156" endtime="20230324 13:56:03.882"/>
</kw>
<kw name="Wait Until Page Contains Element" library="AppiumLibrary">
<arg>//android.view.ViewGroup[@resource-id="com.tisconet.ftc.sit:id/toolbar"]//android.widget.TextView[contains(@text,"สถานะ")]</arg>
<arg>timeout=10s</arg>
<doc>Waits until element specified with `locator` appears on current page.</doc>
<msg timestamp="20230324 13:56:04.467" level="INFO">xpath criteria: //android.view.ViewGroup[@resource-id="com.tisconet.ftc.sit:id/toolbar"]//android.widget.TextView[contains(@text,"สถานะ")]</msg>
<status status="PASS" starttime="20230324 13:56:03.883" endtime="20230324 13:56:04.467"/>
</kw>
<kw name="Wait Until Page Contains Element" library="AppiumLibrary">
<arg>//android.widget.LinearLayout[@resource-id="com.tisconet.ftc.sit:id/btnOrderStatus"]//android.widget.ImageView</arg>
<arg>timeout=10s</arg>
<doc>Waits until element specified with `locator` appears on current page.</doc>
<msg timestamp="20230324 13:56:04.493" level="INFO">xpath criteria: //android.widget.LinearLayout[@resource-id="com.tisconet.ftc.sit:id/btnOrderStatus"]//android.widget.ImageView</msg>
<status status="PASS" starttime="20230324 13:56:04.467" endtime="20230324 13:56:04.493"/>
</kw>
<kw name="Wait Until Page Contains Element" library="AppiumLibrary">
<arg>//android.widget.RadioButton[@resource-id="com.tisconet.ftc.sit:id/rdBuy"][@checked="${Buy}"]</arg>
<arg>timeout=10s</arg>
<doc>Waits until element specified with `locator` appears on current page.</doc>
<msg timestamp="20230324 13:56:04.520" level="INFO">xpath criteria: //android.widget.RadioButton[@resource-id="com.tisconet.ftc.sit:id/rdBuy"][@checked="true"]</msg>
<status status="PASS" starttime="20230324 13:56:04.494" endtime="20230324 13:56:04.520"/>
</kw>
<kw name="Wait Until Page Contains Element" library="AppiumLibrary">
<arg>//android.widget.RadioButton[@resource-id="com.tisconet.ftc.sit:id/rdSell"][@checked="${Sell}"]</arg>
<arg>timeout=10s</arg>
<doc>Waits until element specified with `locator` appears on current page.</doc>
<msg timestamp="20230324 13:56:04.546" level="INFO">xpath criteria: //android.widget.RadioButton[@resource-id="com.tisconet.ftc.sit:id/rdSell"][@checked="false"]</msg>
<status status="PASS" starttime="20230324 13:56:04.520" endtime="20230324 13:56:04.546"/>
</kw>
<kw name="Wait Until Page Contains Element" library="AppiumLibrary">
<arg>//android.widget.RadioButton[@resource-id="com.tisconet.ftc.sit:id/rdTrade"][@checked="${Trade}"]</arg>
<arg>timeout=10s</arg>
<doc>Waits until element specified with `locator` appears on current page.</doc>
<msg timestamp="20230324 13:56:04.571" level="INFO">xpath criteria: //android.widget.RadioButton[@resource-id="com.tisconet.ftc.sit:id/rdTrade"][@checked="false"]</msg>
<status status="PASS" starttime="20230324 13:56:04.546" endtime="20230324 13:56:04.571"/>
</kw>
<kw name="Wait Until Page Contains Element" library="AppiumLibrary">
<arg>//android.widget.EditText[@resource-id="com.tisconet.ftc.sit:id/edtSearch"][contains(@text,"${SearchDefault}")]</arg>
<arg>timeout=10s</arg>
<doc>Waits until element specified with `locator` appears on current page.</doc>
<msg timestamp="20230324 13:56:04.597" level="INFO">xpath criteria: //android.widget.EditText[@resource-id="com.tisconet.ftc.sit:id/edtSearch"][contains(@text,"TINC-A")]</msg>
<status status="PASS" starttime="20230324 13:56:04.572" endtime="20230324 13:56:04.597"/>
</kw>
<kw name="Wait Until Page Contains Element" library="AppiumLibrary">
<arg>//android.widget.TextView[@resource-id="com.tisconet.ftc.sit:id/tvFundName"][contains(@text,"${FundListSearch}")]</arg>
<arg>timeout=10s</arg>
<doc>Waits until element specified with `locator` appears on current page.</doc>
<msg timestamp="20230324 13:56:04.624" level="INFO">xpath criteria: //android.widget.TextView[@resource-id="com.tisconet.ftc.sit:id/tvFundName"][contains(@text,"TINC-A")]</msg>
<status status="PASS" starttime="20230324 13:56:04.597" endtime="20230324 13:56:04.624"/>
</kw>
<kw name="Wait Until Page Contains Element" library="AppiumLibrary">
<arg>//android.widget.TextView[@resource-id="com.tisconet.ftc.sit:id/tvFundNameTH"][contains(@text,"${FundName}")]</arg>
<arg>timeout=10s</arg>
<doc>Waits until element specified with `locator` appears on current page.</doc>
<msg timestamp="20230324 13:56:04.681" level="INFO">xpath criteria: //android.widget.TextView[@resource-id="com.tisconet.ftc.sit:id/tvFundNameTH"][contains(@text,"กองทุนเปิด ทิสโก้ อินคัม พลัส ชนิดหน่วยลงทุน A")]</msg>
<status status="PASS" starttime="20230324 13:56:04.624" endtime="20230324 13:56:04.681"/>
</kw>
<kw name="Wait Until Page Contains Element" library="AppiumLibrary">
<arg>//android.widget.TextView[@resource-id="com.tisconet.ftc.sit:id/tvFundPrice"]</arg>
<arg>timeout=10s</arg>
<doc>Waits until element specified with `locator` appears on current page.</doc>
<msg timestamp="20230324 13:56:05.287" level="INFO">xpath criteria: //android.widget.TextView[@resource-id="com.tisconet.ftc.sit:id/tvFundPrice"]</msg>
<status status="PASS" starttime="20230324 13:56:04.681" endtime="20230324 13:56:05.287"/>
</kw>
<status status="PASS" starttime="20230324 13:55:55.156" endtime="20230324 13:56:05.287"/>
</kw>
<tag>Contact_us</tag>
<tag>Multiple</tag>
<status status="PASS" starttime="20230324 13:54:54.407" endtime="20230324 13:56:05.288"/>
</test>
<status status="PASS" starttime="20230324 13:54:54.233" endtime="20230324 13:56:05.289"/>
</suite>
<statistics>
<total>
<stat pass="1" fail="0" skip="0">All Tests</stat>
</total>
<tag>
<stat pass="1" fail="0" skip="0">Contact_us</stat>
<stat pass="1" fail="0" skip="0">Multiple</stat>
</tag>
<suite>
<stat pass="1" fail="0" skip="0" id="s1" name="Top New Feed Mobile">Top New Feed Mobile</stat>
</suite>
</statistics>
<errors>
</errors>
</robot>
