<?xml version="1.0" encoding="UTF-8"?>
<robot generator="Robot 6.0.1 (Python 3.11.0 on win32)" generated="20230328 11:42:25.334" rpa="false" schemaversion="3">
<suite id="s1" name="Top New Feed Mobile" source="C:\Users\เบส\Desktop\TISCO\Mobile App\BestTest\TestCase\MyFund\Top_New_Feed\Top_New_Feed_Mobile.robot">
<test id="s1-t1" name="TESTCASE011_Multiple Feed Specific Target" line="297">
<kw name="Open Application" library="AppiumLibrary">
<arg>${URL}</arg>
<arg>udid=${DEVICE_UDIDLOGIN}</arg>
<arg>platformName=${PLATFORM}</arg>
<arg>platformVersion=${DEVICE_TARGET}</arg>
<arg>deviceName=${DEVICE_NAME}</arg>
<arg>app=${APP_LOCATION}</arg>
<arg>automationName=appium</arg>
<arg>noReset=true</arg>
<doc>Opens a new application to given Appium server.
Capabilities of appium server, Android and iOS,
Please check https://github.com/appium/appium/blob/master/docs/en/writing-running-appium/server-args.md
| *Option*            | *Man.* | *Description*     |
| remote_url          | Yes    | Appium server url |
| alias               | no     | alias             |
| strict_ssl          | No     | allows you to send commands to an invalid certificate host like a self-signed one. |</doc>
<status status="PASS" starttime="20230328 11:42:25.530" endtime="20230328 11:42:33.128"/>
</kw>
<kw name="Verify Progress Bra" library="Top_New_Feed_Mobile_Keywords">
<kw name="Wait Until Element Is Visible" library="AppiumLibrary">
<arg>//android.widget.ProgressBar[@resource-id="com.tisconet.ftc.sit:id/progressBar"]</arg>
<arg>timeout=20s</arg>
<doc>Waits until element specified with `locator` is visible.</doc>
<msg timestamp="20230328 11:42:36.218" level="INFO">xpath criteria: //android.widget.ProgressBar[@resource-id="com.tisconet.ftc.sit:id/progressBar"]
xpath criteria: //android.widget.ProgressBar[@resource-id="com.tisconet.ftc.sit:id/progressBar"]</msg>
<status status="PASS" starttime="20230328 11:42:33.129" endtime="20230328 11:42:36.218"/>
</kw>
<status status="PASS" starttime="20230328 11:42:33.129" endtime="20230328 11:42:36.218"/>
</kw>
<kw name="Press Button Accept Cookie" library="Top_New_Feed_Mobile_Keywords">
<kw name="Run Keyword And Return Status" library="BuiltIn">
<var>${Status}</var>
<arg>AppiumLibrary.Wait Until Element Is Visible</arg>
<arg>${locatAndroidButtonAcceptCookie}</arg>
<arg>timeout=10s</arg>
<doc>Runs the given keyword with given arguments and returns the status as a Boolean value.</doc>
<kw name="Wait Until Element Is Visible" library="AppiumLibrary">
<arg>${locatAndroidButtonAcceptCookie}</arg>
<arg>timeout=10s</arg>
<doc>Waits until element specified with `locator` is visible.</doc>
<kw name="Capture Page Screenshot" library="AppiumLibrary">
<doc>Takes a screenshot of the current page and embeds it into the log.</doc>
<status status="FAIL" starttime="20230328 11:42:40.021" endtime="20230328 11:42:40.021"/>
</kw>
<msg timestamp="20230328 11:42:40.025" level="WARN">Keyword 'Capture Page Screenshot' could not be run on failure: Execution terminated by signal</msg>
<msg timestamp="20230328 11:42:40.025" level="INFO">xpath criteria: //android.widget.Button[2]
xpath criteria: //android.widget.Button[2]
xpath criteria: //android.widget.Button[2]
xpath criteria: //android.widget.Button[2]
xpath criteria: //android.widget.Button[2]
xpath criteria: //android.widget.Button[2]
xpath criteria: //android.widget.Button[2]</msg>
<status status="FAIL" starttime="20230328 11:42:36.219" endtime="20230328 11:42:40.026"/>
</kw>
<status status="FAIL" starttime="20230328 11:42:36.219" endtime="20230328 11:42:40.026"/>
</kw>
<kw name="Run Keyword If" library="BuiltIn">
<arg>'${Status}'=='True'</arg>
<arg>Sleep</arg>
<arg>3s</arg>
<doc>Runs the given keyword with the given arguments, if ``condition`` is true.</doc>
<status status="NOT RUN" starttime="20230328 11:42:40.026" endtime="20230328 11:42:40.026"/>
</kw>
<kw name="Run Keyword If" library="BuiltIn">
<arg>'${Status}'=='True'</arg>
<arg>AppiumLibrary.Click Element</arg>
<arg>${locatAndroidButtonAcceptCookie}</arg>
<doc>Runs the given keyword with the given arguments, if ``condition`` is true.</doc>
<status status="NOT RUN" starttime="20230328 11:42:40.026" endtime="20230328 11:42:40.026"/>
</kw>
<kw name="Log To Console" library="BuiltIn">
<arg>Status=${Status}</arg>
<doc>Logs the given message to the console.</doc>
<status status="NOT RUN" starttime="20230328 11:42:40.026" endtime="20230328 11:42:40.026"/>
</kw>
<status status="FAIL" starttime="20230328 11:42:36.219" endtime="20230328 11:42:40.026"/>
</kw>
<kw name="Press Icon Notification" library="Top_New_Feed_Mobile_Keywords">
<status status="NOT RUN" starttime="20230328 11:42:40.026" endtime="20230328 11:42:40.026"/>
</kw>
<kw name="Verify Message Inbox" library="Top_New_Feed_Mobile_Keywords">
<arg>${varTopicCase11_1}</arg>
<arg>${varDetailCase11_1}</arg>
<status status="NOT RUN" starttime="20230328 11:42:40.027" endtime="20230328 11:42:40.027"/>
</kw>
<kw name="Verify Message Inbox" library="Top_New_Feed_Mobile_Keywords">
<arg>${varTopicCase11_2}</arg>
<arg>${varDetailCase11_2}</arg>
<status status="NOT RUN" starttime="20230328 11:42:40.027" endtime="20230328 11:42:40.027"/>
</kw>
<kw name="Select Topic" library="Top_New_Feed_Mobile_Keywords">
<arg>${varTopicCase11_1}</arg>
<status status="NOT RUN" starttime="20230328 11:42:40.027" endtime="20230328 11:42:40.027"/>
</kw>
<kw name="Verify Message Detail In Inbox" library="Top_New_Feed_Mobile_Keywords">
<arg>${varTopicCase11_1}</arg>
<arg>${varDetailCase11_1}</arg>
<status status="NOT RUN" starttime="20230328 11:42:40.027" endtime="20230328 11:42:40.027"/>
</kw>
<kw name="Verify Button Back" library="Top_New_Feed_Mobile_Keywords">
<status status="NOT RUN" starttime="20230328 11:42:40.028" endtime="20230328 11:42:40.028"/>
</kw>
<kw name="Press Button Back" library="Top_New_Feed_Mobile_Keywords">
<status status="NOT RUN" starttime="20230328 11:42:40.028" endtime="20230328 11:42:40.028"/>
</kw>
<kw name="Select Topic" library="Top_New_Feed_Mobile_Keywords">
<arg>${varTopicCase11_2}</arg>
<status status="NOT RUN" starttime="20230328 11:42:40.028" endtime="20230328 11:42:40.028"/>
</kw>
<kw name="Verify Message Detail In Inbox" library="Top_New_Feed_Mobile_Keywords">
<arg>${varTopicCase11_2}</arg>
<arg>${varDetailCase11_2}</arg>
<status status="NOT RUN" starttime="20230328 11:42:40.028" endtime="20230328 11:42:40.028"/>
</kw>
<kw name="Verify Button Back" library="Top_New_Feed_Mobile_Keywords">
<status status="NOT RUN" starttime="20230328 11:42:40.029" endtime="20230328 11:42:40.029"/>
</kw>
<tag>Multiple</tag>
<tag>Target</tag>
<status status="FAIL" starttime="20230328 11:42:25.530" endtime="20230328 11:42:40.029">Execution terminated by signal</status>
</test>
<status status="FAIL" starttime="20230328 11:42:25.335" endtime="20230328 11:42:40.030"/>
</suite>
<statistics>
<total>
<stat pass="0" fail="1" skip="0">All Tests</stat>
</total>
<tag>
<stat pass="0" fail="1" skip="0">Multiple</stat>
<stat pass="0" fail="1" skip="0">Target</stat>
</tag>
<suite>
<stat pass="0" fail="1" skip="0" id="s1" name="Top New Feed Mobile">Top New Feed Mobile</stat>
</suite>
</statistics>
<errors>
<msg timestamp="20230328 11:42:40.025" level="WARN">Keyword 'Capture Page Screenshot' could not be run on failure: Execution terminated by signal</msg>
</errors>
</robot>
