<?xml version="1.0" encoding="UTF-8"?>
<robot generator="Robot 6.0.2 (Python 3.11.1 on win32)" generated="20230324 16:04:00.531" rpa="false" schemaversion="3">
<suite id="s1" name="Top New Feed Mobile" source="D:\Mobile Robotframework\TestCase\MyFund\Top_New_Feed\Top_New_Feed_Mobile.robot">
<test id="s1-t1" name="TESTCASE013_Multiple Feed Contact us" line="325">
<kw name="Open Application" library="AppiumLibrary">
<arg>${URL}</arg>
<arg>udid=${DEVICE_UDIDLOGIN}</arg>
<arg>platformName=${PLATFORM}</arg>
<arg>platformVersion=${DEVICE_TARGET}</arg>
<arg>deviceName=${DEVICE_NAME}</arg>
<arg>app=${APP_LOCATION}</arg>
<arg>automationName=appium</arg>
<arg>noReset=true</arg>
<doc>Opens a new application to given Appium server.
Capabilities of appium server, Android and iOS,
Please check https://github.com/appium/appium/blob/master/docs/en/writing-running-appium/server-args.md
| *Option*            | *Man.* | *Description*     |
| remote_url          | Yes    | Appium server url |
| alias               | no     | alias             |
| strict_ssl          | No     | allows you to send commands to an invalid certificate host like a self-signed one. |</doc>
<status status="PASS" starttime="20230324 16:04:00.709" endtime="20230324 16:04:07.074"/>
</kw>
<kw name="Verify Progress Bra" library="Top_New_Feed_Mobile_Keywords">
<kw name="Wait Until Element Is Visible" library="AppiumLibrary">
<arg>//android.widget.ProgressBar[@resource-id="com.tisconet.ftc.sit:id/progressBar"]</arg>
<arg>timeout=20s</arg>
<doc>Waits until element specified with `locator` is visible.</doc>
<msg timestamp="20230324 16:04:09.608" level="INFO">xpath criteria: //android.widget.ProgressBar[@resource-id="com.tisconet.ftc.sit:id/progressBar"]
xpath criteria: //android.widget.ProgressBar[@resource-id="com.tisconet.ftc.sit:id/progressBar"]</msg>
<status status="PASS" starttime="20230324 16:04:07.075" endtime="20230324 16:04:09.608"/>
</kw>
<status status="PASS" starttime="20230324 16:04:07.074" endtime="20230324 16:04:09.608"/>
</kw>
<kw name="Press Button Accept Cookie" library="Top_New_Feed_Mobile_Keywords">
<kw name="Run Keyword And Return Status" library="BuiltIn">
<var>${Status}</var>
<arg>AppiumLibrary.Wait Until Element Is Visible</arg>
<arg>${locatAndroidButtonAcceptCookie}</arg>
<arg>timeout=10s</arg>
<doc>Runs the given keyword with given arguments and returns the status as a Boolean value.</doc>
<kw name="Wait Until Element Is Visible" library="AppiumLibrary">
<arg>${locatAndroidButtonAcceptCookie}</arg>
<arg>timeout=10s</arg>
<doc>Waits until element specified with `locator` is visible.</doc>
<msg timestamp="20230324 16:04:13.676" level="INFO">xpath criteria: //android.widget.Button[2]
xpath criteria: //android.widget.Button[2]
xpath criteria: //android.widget.Button[2]
xpath criteria: //android.widget.Button[2]</msg>
<status status="PASS" starttime="20230324 16:04:09.609" endtime="20230324 16:04:13.677"/>
</kw>
<msg timestamp="20230324 16:04:13.677" level="INFO">${Status} = True</msg>
<status status="PASS" starttime="20230324 16:04:09.608" endtime="20230324 16:04:13.677"/>
</kw>
<kw name="Run Keyword If" library="BuiltIn">
<arg>'${Status}'=='True'</arg>
<arg>Sleep</arg>
<arg>3s</arg>
<doc>Runs the given keyword with the given arguments, if ``condition`` is true.</doc>
<kw name="Sleep" library="BuiltIn">
<arg>3s</arg>
<doc>Pauses the test executed for the given time.</doc>
<msg timestamp="20230324 16:04:16.677" level="INFO">Slept 3 seconds</msg>
<status status="PASS" starttime="20230324 16:04:13.677" endtime="20230324 16:04:16.677"/>
</kw>
<status status="PASS" starttime="20230324 16:04:13.677" endtime="20230324 16:04:16.677"/>
</kw>
<kw name="Run Keyword If" library="BuiltIn">
<arg>'${Status}'=='True'</arg>
<arg>AppiumLibrary.Click Element</arg>
<arg>${locatAndroidButtonAcceptCookie}</arg>
<doc>Runs the given keyword with the given arguments, if ``condition`` is true.</doc>
<kw name="Click Element" library="AppiumLibrary">
<arg>${locatAndroidButtonAcceptCookie}</arg>
<doc>Click element identified by `locator`.</doc>
<msg timestamp="20230324 16:04:16.680" level="INFO">Clicking element '//android.widget.Button[2]'.</msg>
<msg timestamp="20230324 16:04:16.785" level="INFO">xpath criteria: //android.widget.Button[2]</msg>
<status status="PASS" starttime="20230324 16:04:16.677" endtime="20230324 16:04:16.785"/>
</kw>
<status status="PASS" starttime="20230324 16:04:16.677" endtime="20230324 16:04:16.785"/>
</kw>
<kw name="Log To Console" library="BuiltIn">
<arg>Status=${Status}</arg>
<doc>Logs the given message to the console.</doc>
<status status="PASS" starttime="20230324 16:04:16.785" endtime="20230324 16:04:16.786"/>
</kw>
<status status="PASS" starttime="20230324 16:04:09.608" endtime="20230324 16:04:16.786"/>
</kw>
<kw name="Press Icon Notification" library="Top_New_Feed_Mobile_Keywords">
<kw name="Wait Until Element Is Visible" library="AppiumLibrary">
<arg>${locatAndroidIconNotification}</arg>
<arg>timeout=10s</arg>
<doc>Waits until element specified with `locator` is visible.</doc>
<msg timestamp="20230324 16:04:18.782" level="INFO">xpath criteria: //android.widget.FrameLayout[@resource-id="com.tisconet.ftc.sit:id/notification"]</msg>
<status status="PASS" starttime="20230324 16:04:16.787" endtime="20230324 16:04:18.782"/>
</kw>
<kw name="Click Element" library="AppiumLibrary">
<arg>${locatAndroidIconNotification}</arg>
<doc>Click element identified by `locator`.</doc>
<msg timestamp="20230324 16:04:18.785" level="INFO">Clicking element '//android.widget.FrameLayout[@resource-id="com.tisconet.ftc.sit:id/notification"]'.</msg>
<msg timestamp="20230324 16:04:18.867" level="INFO">xpath criteria: //android.widget.FrameLayout[@resource-id="com.tisconet.ftc.sit:id/notification"]</msg>
<status status="PASS" starttime="20230324 16:04:18.783" endtime="20230324 16:04:18.867"/>
</kw>
<status status="PASS" starttime="20230324 16:04:16.786" endtime="20230324 16:04:18.867"/>
</kw>
<kw name="Verify Message Inbox" library="Top_New_Feed_Mobile_Keywords">
<arg>${VarMessageMultipleCase13#1}</arg>
<arg>${VarMessageDetailMultipleCase13}</arg>
<kw name="Wait Until Page Contains Element" library="AppiumLibrary">
<arg>${locatAndroidMessageTopicInbox}</arg>
<arg>timeout=10s</arg>
<doc>Waits until element specified with `locator` appears on current page.</doc>
<msg timestamp="20230324 16:04:20.337" level="INFO">xpath criteria: //android.view.ViewGroup[1]/android.widget.FrameLayout[1]/android.widget.LinearLayout/android.widget.LinearLayout/android.widget.TextView
xpath criteria: //android.view.ViewGroup[1]/android.widget.FrameLayout[1]/android.widget.LinearLayout/android.widget.LinearLayout/android.widget.TextView</msg>
<status status="PASS" starttime="20230324 16:04:18.868" endtime="20230324 16:04:20.337"/>
</kw>
<kw name="Sleep" library="BuiltIn">
<arg>4s</arg>
<doc>Pauses the test executed for the given time.</doc>
<msg timestamp="20230324 16:04:24.338" level="INFO">Slept 4 seconds</msg>
<status status="PASS" starttime="20230324 16:04:20.337" endtime="20230324 16:04:24.338"/>
</kw>
<kw name="Wait Until Page Contains Element" library="AppiumLibrary">
<arg>//android.widget.LinearLayout/android.widget.LinearLayout/android.widget.TextView[contains(@text,"${TopicValue}")]</arg>
<doc>Waits until element specified with `locator` appears on current page.</doc>
<msg timestamp="20230324 16:04:24.394" level="INFO">xpath criteria: //android.widget.LinearLayout/android.widget.LinearLayout/android.widget.TextView[contains(@text,"Automate contact us mutiple notification #1")]</msg>
<status status="PASS" starttime="20230324 16:04:24.338" endtime="20230324 16:04:24.394"/>
</kw>
<kw name="Wait Until Page Contains Element" library="AppiumLibrary">
<arg>//android.widget.LinearLayout/android.widget.LinearLayout/android.widget.TextView[1][contains(@text,"${DetailValue}")]</arg>
<doc>Waits until element specified with `locator` appears on current page.</doc>
<msg timestamp="20230324 16:04:24.462" level="INFO">xpath criteria: //android.widget.LinearLayout/android.widget.LinearLayout/android.widget.TextView[1][contains(@text,"Sample Detail for contact us notification topic 1")]</msg>
<status status="PASS" starttime="20230324 16:04:24.394" endtime="20230324 16:04:24.462"/>
</kw>
<status status="PASS" starttime="20230324 16:04:18.868" endtime="20230324 16:04:24.462"/>
</kw>
<kw name="Select Topic" library="Top_New_Feed_Mobile_Keywords">
<arg>${VarMessageMultipleCase13#1}</arg>
<kw name="Sleep" library="BuiltIn">
<arg>5s</arg>
<doc>Pauses the test executed for the given time.</doc>
<msg timestamp="20230324 16:04:29.463" level="INFO">Slept 5 seconds</msg>
<status status="PASS" starttime="20230324 16:04:24.462" endtime="20230324 16:04:29.463"/>
</kw>
<kw name="Click Element" library="AppiumLibrary">
<arg>//android.widget.TextView[@resource-id="com.tisconet.ftc.sit:id/tvHeader"][contains(@text,"${Topic}")]</arg>
<doc>Click element identified by `locator`.</doc>
<msg timestamp="20230324 16:04:29.466" level="INFO">Clicking element '//android.widget.TextView[@resource-id="com.tisconet.ftc.sit:id/tvHeader"][contains(@text,"Automate contact us mutiple notification #1")]'.</msg>
<msg timestamp="20230324 16:04:29.551" level="INFO">xpath criteria: //android.widget.TextView[@resource-id="com.tisconet.ftc.sit:id/tvHeader"][contains(@text,"Automate contact us mutiple notification #1")]</msg>
<status status="PASS" starttime="20230324 16:04:29.463" endtime="20230324 16:04:29.551"/>
</kw>
<status status="PASS" starttime="20230324 16:04:24.462" endtime="20230324 16:04:29.551"/>
</kw>
<kw name="Verify Message Detail In Inbox" library="Top_New_Feed_Mobile_Keywords">
<arg>${VarMessageMultipleCase13#1}</arg>
<arg>${VarMessageDetailMultipleCase13}</arg>
<kw name="Wait Until Page Contains Element" library="AppiumLibrary">
<arg>${locatAndroidMessageTopicInboxIn}</arg>
<arg>timeout=10s</arg>
<doc>Waits until element specified with `locator` appears on current page.</doc>
<msg timestamp="20230324 16:04:29.674" level="INFO">xpath criteria: //android.widget.ScrollView/android.widget.LinearLayout/android.widget.TextView[1]</msg>
<status status="PASS" starttime="20230324 16:04:29.552" endtime="20230324 16:04:29.675"/>
</kw>
<kw name="Sleep" library="BuiltIn">
<arg>4s</arg>
<doc>Pauses the test executed for the given time.</doc>
<msg timestamp="20230324 16:04:33.675" level="INFO">Slept 4 seconds</msg>
<status status="PASS" starttime="20230324 16:04:29.675" endtime="20230324 16:04:33.675"/>
</kw>
<kw name="Wait Until Page Contains Element" library="AppiumLibrary">
<arg>//android.widget.LinearLayout/android.widget.TextView[1][contains(@text,"${TopicValue}")]</arg>
<arg>timeout=10s</arg>
<doc>Waits until element specified with `locator` appears on current page.</doc>
<msg timestamp="20230324 16:04:33.696" level="INFO">xpath criteria: //android.widget.LinearLayout/android.widget.TextView[1][contains(@text,"Automate contact us mutiple notification #1")]</msg>
<status status="PASS" starttime="20230324 16:04:33.675" endtime="20230324 16:04:33.696"/>
</kw>
<kw name="Text Shoud Be Equal" library="Top_New_Feed_Mobile_Keywords">
<arg>${locatAndroidMessageDetailInboxIn}</arg>
<arg>${DetailValue}</arg>
<kw name="Get Text" library="AppiumLibrary">
<var>${ActualValue}</var>
<arg>${Locator}</arg>
<doc>Get element text (for hybrid and mobile browser use `xpath` locator, others might cause problem)</doc>
<msg timestamp="20230324 16:04:33.726" level="INFO">Element '//android.widget.ScrollView/android.widget.TextView' text is 'Sample Detail for contact us notification topic 1' </msg>
<msg timestamp="20230324 16:04:33.726" level="INFO">xpath criteria: //android.widget.ScrollView/android.widget.TextView</msg>
<msg timestamp="20230324 16:04:33.726" level="INFO">${ActualValue} = Sample Detail for contact us notification topic 1</msg>
<status status="PASS" starttime="20230324 16:04:33.696" endtime="20230324 16:04:33.726"/>
</kw>
<kw name="Should Be Equal" library="BuiltIn">
<arg>${ActualValue}</arg>
<arg>${ExpectValue}</arg>
<doc>Fails if the given objects are unequal.</doc>
<status status="PASS" starttime="20230324 16:04:33.727" endtime="20230324 16:04:33.727"/>
</kw>
<status status="PASS" starttime="20230324 16:04:33.696" endtime="20230324 16:04:33.727"/>
</kw>
<status status="PASS" starttime="20230324 16:04:29.552" endtime="20230324 16:04:33.727"/>
</kw>
<kw name="Verify Button Contact Us" library="Top_New_Feed_Mobile_Keywords">
<kw name="Wait Until Page Contains Element" library="AppiumLibrary">
<arg>${locatButtonContactUs}</arg>
<doc>Waits until element specified with `locator` appears on current page.</doc>
<msg timestamp="20230324 16:04:33.749" level="INFO">xpath criteria: //android.widget.Button[contains(@text,"ติดต่อเจ้าหน้าที่")]</msg>
<status status="PASS" starttime="20230324 16:04:33.727" endtime="20230324 16:04:33.749"/>
</kw>
<kw name="Capture Page Screenshot" library="AppiumLibrary">
<arg>VerifyButtonContactUs.png</arg>
<doc>Takes a screenshot of the current page and embeds it into the log.</doc>
<msg timestamp="20230324 16:04:34.120" level="INFO" html="true">&lt;/td&gt;&lt;/tr&gt;&lt;tr&gt;&lt;td colspan="3"&gt;&lt;a href="VerifyButtonContactUs.png"&gt;&lt;img src="VerifyButtonContactUs.png" width="800px"&gt;&lt;/a&gt;</msg>
<status status="PASS" starttime="20230324 16:04:33.749" endtime="20230324 16:04:34.120"/>
</kw>
<status status="PASS" starttime="20230324 16:04:33.727" endtime="20230324 16:04:34.120"/>
</kw>
<kw name="Press Button Back" library="Top_New_Feed_Mobile_Keywords">
<kw name="Click Element" library="AppiumLibrary">
<arg>${locatAndroidButtonBackInbox}</arg>
<doc>Click element identified by `locator`.</doc>
<msg timestamp="20230324 16:04:34.124" level="INFO">Clicking element '//android.widget.TextView[contains(@text,"กลับ")]'.</msg>
<msg timestamp="20230324 16:04:34.921" level="INFO">xpath criteria: //android.widget.TextView[contains(@text,"กลับ")]</msg>
<status status="PASS" starttime="20230324 16:04:34.121" endtime="20230324 16:04:34.921"/>
</kw>
<status status="PASS" starttime="20230324 16:04:34.121" endtime="20230324 16:04:34.921"/>
</kw>
<kw name="Verify Message Inbox" library="Top_New_Feed_Mobile_Keywords">
<arg>${VarMessageMultipleCase13#2}</arg>
<arg>${VarMessageDetailMultipleCase13#2}</arg>
<kw name="Wait Until Page Contains Element" library="AppiumLibrary">
<arg>${locatAndroidMessageTopicInbox}</arg>
<arg>timeout=10s</arg>
<doc>Waits until element specified with `locator` appears on current page.</doc>
<msg timestamp="20230324 16:04:34.966" level="INFO">xpath criteria: //android.view.ViewGroup[1]/android.widget.FrameLayout[1]/android.widget.LinearLayout/android.widget.LinearLayout/android.widget.TextView</msg>
<status status="PASS" starttime="20230324 16:04:34.922" endtime="20230324 16:04:34.966"/>
</kw>
<kw name="Sleep" library="BuiltIn">
<arg>4s</arg>
<doc>Pauses the test executed for the given time.</doc>
<msg timestamp="20230324 16:04:38.967" level="INFO">Slept 4 seconds</msg>
<status status="PASS" starttime="20230324 16:04:34.966" endtime="20230324 16:04:38.967"/>
</kw>
<kw name="Wait Until Page Contains Element" library="AppiumLibrary">
<arg>//android.widget.LinearLayout/android.widget.LinearLayout/android.widget.TextView[contains(@text,"${TopicValue}")]</arg>
<doc>Waits until element specified with `locator` appears on current page.</doc>
<msg timestamp="20230324 16:04:39.018" level="INFO">xpath criteria: //android.widget.LinearLayout/android.widget.LinearLayout/android.widget.TextView[contains(@text,"Automate contact us mutiple notification #2")]</msg>
<status status="PASS" starttime="20230324 16:04:38.967" endtime="20230324 16:04:39.018"/>
</kw>
<kw name="Wait Until Page Contains Element" library="AppiumLibrary">
<arg>//android.widget.LinearLayout/android.widget.LinearLayout/android.widget.TextView[1][contains(@text,"${DetailValue}")]</arg>
<doc>Waits until element specified with `locator` appears on current page.</doc>
<msg timestamp="20230324 16:04:39.524" level="INFO">xpath criteria: //android.widget.LinearLayout/android.widget.LinearLayout/android.widget.TextView[1][contains(@text,"Sample Detail for contact us notification topic 2")]</msg>
<status status="PASS" starttime="20230324 16:04:39.018" endtime="20230324 16:04:39.524"/>
</kw>
<status status="PASS" starttime="20230324 16:04:34.921" endtime="20230324 16:04:39.524"/>
</kw>
<kw name="Select Topic" library="Top_New_Feed_Mobile_Keywords">
<arg>${VarMessageMultipleCase13#2}</arg>
<kw name="Sleep" library="BuiltIn">
<arg>5s</arg>
<doc>Pauses the test executed for the given time.</doc>
<msg timestamp="20230324 16:04:44.525" level="INFO">Slept 5 seconds</msg>
<status status="PASS" starttime="20230324 16:04:39.525" endtime="20230324 16:04:44.525"/>
</kw>
<kw name="Click Element" library="AppiumLibrary">
<arg>//android.widget.TextView[@resource-id="com.tisconet.ftc.sit:id/tvHeader"][contains(@text,"${Topic}")]</arg>
<doc>Click element identified by `locator`.</doc>
<msg timestamp="20230324 16:04:44.528" level="INFO">Clicking element '//android.widget.TextView[@resource-id="com.tisconet.ftc.sit:id/tvHeader"][contains(@text,"Automate contact us mutiple notification #2")]'.</msg>
<msg timestamp="20230324 16:04:44.635" level="INFO">xpath criteria: //android.widget.TextView[@resource-id="com.tisconet.ftc.sit:id/tvHeader"][contains(@text,"Automate contact us mutiple notification #2")]</msg>
<status status="PASS" starttime="20230324 16:04:44.525" endtime="20230324 16:04:44.635"/>
</kw>
<status status="PASS" starttime="20230324 16:04:39.525" endtime="20230324 16:04:44.635"/>
</kw>
<kw name="Verify Message Detail In Inbox" library="Top_New_Feed_Mobile_Keywords">
<arg>${VarMessageMultipleCase13#2}</arg>
<arg>${VarMessageDetailMultipleCase13#2}</arg>
<kw name="Wait Until Page Contains Element" library="AppiumLibrary">
<arg>${locatAndroidMessageTopicInboxIn}</arg>
<arg>timeout=10s</arg>
<doc>Waits until element specified with `locator` appears on current page.</doc>
<msg timestamp="20230324 16:04:44.710" level="INFO">xpath criteria: //android.widget.ScrollView/android.widget.LinearLayout/android.widget.TextView[1]</msg>
<status status="PASS" starttime="20230324 16:04:44.636" endtime="20230324 16:04:44.710"/>
</kw>
<kw name="Sleep" library="BuiltIn">
<arg>4s</arg>
<doc>Pauses the test executed for the given time.</doc>
<msg timestamp="20230324 16:04:48.710" level="INFO">Slept 4 seconds</msg>
<status status="PASS" starttime="20230324 16:04:44.710" endtime="20230324 16:04:48.710"/>
</kw>
<kw name="Wait Until Page Contains Element" library="AppiumLibrary">
<arg>//android.widget.LinearLayout/android.widget.TextView[1][contains(@text,"${TopicValue}")]</arg>
<arg>timeout=10s</arg>
<doc>Waits until element specified with `locator` appears on current page.</doc>
<msg timestamp="20230324 16:04:48.731" level="INFO">xpath criteria: //android.widget.LinearLayout/android.widget.TextView[1][contains(@text,"Automate contact us mutiple notification #2")]</msg>
<status status="PASS" starttime="20230324 16:04:48.710" endtime="20230324 16:04:48.731"/>
</kw>
<kw name="Text Shoud Be Equal" library="Top_New_Feed_Mobile_Keywords">
<arg>${locatAndroidMessageDetailInboxIn}</arg>
<arg>${DetailValue}</arg>
<kw name="Get Text" library="AppiumLibrary">
<var>${ActualValue}</var>
<arg>${Locator}</arg>
<doc>Get element text (for hybrid and mobile browser use `xpath` locator, others might cause problem)</doc>
<msg timestamp="20230324 16:04:48.757" level="INFO">Element '//android.widget.ScrollView/android.widget.TextView' text is 'Sample Detail for contact us notification topic 2' </msg>
<msg timestamp="20230324 16:04:48.757" level="INFO">xpath criteria: //android.widget.ScrollView/android.widget.TextView</msg>
<msg timestamp="20230324 16:04:48.757" level="INFO">${ActualValue} = Sample Detail for contact us notification topic 2</msg>
<status status="PASS" starttime="20230324 16:04:48.731" endtime="20230324 16:04:48.758"/>
</kw>
<kw name="Should Be Equal" library="BuiltIn">
<arg>${ActualValue}</arg>
<arg>${ExpectValue}</arg>
<doc>Fails if the given objects are unequal.</doc>
<status status="PASS" starttime="20230324 16:04:48.758" endtime="20230324 16:04:48.758"/>
</kw>
<status status="PASS" starttime="20230324 16:04:48.731" endtime="20230324 16:04:48.758"/>
</kw>
<status status="PASS" starttime="20230324 16:04:44.635" endtime="20230324 16:04:48.758"/>
</kw>
<kw name="Verify Button Contact Us" library="Top_New_Feed_Mobile_Keywords">
<kw name="Wait Until Page Contains Element" library="AppiumLibrary">
<arg>${locatButtonContactUs}</arg>
<doc>Waits until element specified with `locator` appears on current page.</doc>
<msg timestamp="20230324 16:04:48.779" level="INFO">xpath criteria: //android.widget.Button[contains(@text,"ติดต่อเจ้าหน้าที่")]</msg>
<status status="PASS" starttime="20230324 16:04:48.758" endtime="20230324 16:04:48.779"/>
</kw>
<kw name="Capture Page Screenshot" library="AppiumLibrary">
<arg>VerifyButtonContactUs.png</arg>
<doc>Takes a screenshot of the current page and embeds it into the log.</doc>
<msg timestamp="20230324 16:04:49.139" level="INFO" html="true">&lt;/td&gt;&lt;/tr&gt;&lt;tr&gt;&lt;td colspan="3"&gt;&lt;a href="VerifyButtonContactUs.png"&gt;&lt;img src="VerifyButtonContactUs.png" width="800px"&gt;&lt;/a&gt;</msg>
<status status="PASS" starttime="20230324 16:04:48.779" endtime="20230324 16:04:49.139"/>
</kw>
<status status="PASS" starttime="20230324 16:04:48.758" endtime="20230324 16:04:49.139"/>
</kw>
<kw name="Click Button Contact Us" library="Top_New_Feed_Mobile_Keywords">
<kw name="Click Element" library="AppiumLibrary">
<arg>${locatButtonContactUs}</arg>
<doc>Click element identified by `locator`.</doc>
<msg timestamp="20230324 16:04:49.143" level="INFO">Clicking element '//android.widget.Button[contains(@text,"ติดต่อเจ้าหน้าที่")]'.</msg>
<msg timestamp="20230324 16:04:49.222" level="INFO">xpath criteria: //android.widget.Button[contains(@text,"ติดต่อเจ้าหน้าที่")]</msg>
<status status="PASS" starttime="20230324 16:04:49.140" endtime="20230324 16:04:49.222"/>
</kw>
<status status="PASS" starttime="20230324 16:04:49.140" endtime="20230324 16:04:49.222"/>
</kw>
<kw name="Click Pin" library="Top_New_Feed_Mobile_Keywords">
<arg>1</arg>
<arg>1</arg>
<arg>2</arg>
<arg>2</arg>
<arg>3</arg>
<arg>3</arg>
<kw name="Sleep" library="BuiltIn">
<arg>3s</arg>
<doc>Pauses the test executed for the given time.</doc>
<msg timestamp="20230324 16:04:52.224" level="INFO">Slept 3 seconds</msg>
<status status="PASS" starttime="20230324 16:04:49.223" endtime="20230324 16:04:52.224"/>
</kw>
<kw name="Wait Until Page Contains Element" library="AppiumLibrary">
<arg>${locatLabelPleaseInputPIN}</arg>
<doc>Waits until element specified with `locator` appears on current page.</doc>
<msg timestamp="20230324 16:04:52.250" level="INFO">xpath criteria: //android.widget.LinearLayout[1]/android.widget.TextView[contains(@text,"กรุณากด PIN เพื่อเข้าสู่ระบบ")]</msg>
<status status="PASS" starttime="20230324 16:04:52.224" endtime="20230324 16:04:52.250"/>
</kw>
<kw name="Click Element" library="AppiumLibrary">
<arg>//*[@resource-id="com.tisconet.ftc.sit:id/btn_pin${Nummber1}"]</arg>
<doc>Click element identified by `locator`.</doc>
<msg timestamp="20230324 16:04:52.254" level="INFO">Clicking element '//*[@resource-id="com.tisconet.ftc.sit:id/btn_pin1"]'.</msg>
<msg timestamp="20230324 16:04:52.318" level="INFO">xpath criteria: //*[@resource-id="com.tisconet.ftc.sit:id/btn_pin1"]</msg>
<status status="PASS" starttime="20230324 16:04:52.250" endtime="20230324 16:04:52.318"/>
</kw>
<kw name="Click Element" library="AppiumLibrary">
<arg>//*[@resource-id="com.tisconet.ftc.sit:id/btn_pin${Nummber2}"]</arg>
<doc>Click element identified by `locator`.</doc>
<msg timestamp="20230324 16:04:52.322" level="INFO">Clicking element '//*[@resource-id="com.tisconet.ftc.sit:id/btn_pin1"]'.</msg>
<msg timestamp="20230324 16:04:52.853" level="INFO">xpath criteria: //*[@resource-id="com.tisconet.ftc.sit:id/btn_pin1"]</msg>
<status status="PASS" starttime="20230324 16:04:52.318" endtime="20230324 16:04:52.853"/>
</kw>
<kw name="Click Element" library="AppiumLibrary">
<arg>//*[@resource-id="com.tisconet.ftc.sit:id/btn_pin${Nummber3}"]</arg>
<doc>Click element identified by `locator`.</doc>
<msg timestamp="20230324 16:04:52.856" level="INFO">Clicking element '//*[@resource-id="com.tisconet.ftc.sit:id/btn_pin2"]'.</msg>
<msg timestamp="20230324 16:04:53.385" level="INFO">xpath criteria: //*[@resource-id="com.tisconet.ftc.sit:id/btn_pin2"]</msg>
<status status="PASS" starttime="20230324 16:04:52.853" endtime="20230324 16:04:53.385"/>
</kw>
<kw name="Click Element" library="AppiumLibrary">
<arg>//*[@resource-id="com.tisconet.ftc.sit:id/btn_pin${Nummber4}"]</arg>
<doc>Click element identified by `locator`.</doc>
<msg timestamp="20230324 16:04:53.388" level="INFO">Clicking element '//*[@resource-id="com.tisconet.ftc.sit:id/btn_pin2"]'.</msg>
<msg timestamp="20230324 16:04:53.917" level="INFO">xpath criteria: //*[@resource-id="com.tisconet.ftc.sit:id/btn_pin2"]</msg>
<status status="PASS" starttime="20230324 16:04:53.385" endtime="20230324 16:04:53.917"/>
</kw>
<kw name="Click Element" library="AppiumLibrary">
<arg>//*[@resource-id="com.tisconet.ftc.sit:id/btn_pin${Nummber5}"]</arg>
<doc>Click element identified by `locator`.</doc>
<msg timestamp="20230324 16:04:53.921" level="INFO">Clicking element '//*[@resource-id="com.tisconet.ftc.sit:id/btn_pin3"]'.</msg>
<msg timestamp="20230324 16:04:54.451" level="INFO">xpath criteria: //*[@resource-id="com.tisconet.ftc.sit:id/btn_pin3"]</msg>
<status status="PASS" starttime="20230324 16:04:53.918" endtime="20230324 16:04:54.452"/>
</kw>
<kw name="Click Element" library="AppiumLibrary">
<arg>//*[@resource-id="com.tisconet.ftc.sit:id/btn_pin${Nummber6}"]</arg>
<doc>Click element identified by `locator`.</doc>
<msg timestamp="20230324 16:04:54.455" level="INFO">Clicking element '//*[@resource-id="com.tisconet.ftc.sit:id/btn_pin3"]'.</msg>
<msg timestamp="20230324 16:04:54.985" level="INFO">xpath criteria: //*[@resource-id="com.tisconet.ftc.sit:id/btn_pin3"]</msg>
<status status="PASS" starttime="20230324 16:04:54.452" endtime="20230324 16:04:54.985"/>
</kw>
<kw name="Capture Page Screenshot" library="AppiumLibrary">
<arg>ClickPin.png</arg>
<doc>Takes a screenshot of the current page and embeds it into the log.</doc>
<msg timestamp="20230324 16:04:55.392" level="INFO" html="true">&lt;/td&gt;&lt;/tr&gt;&lt;tr&gt;&lt;td colspan="3"&gt;&lt;a href="ClickPin.png"&gt;&lt;img src="ClickPin.png" width="800px"&gt;&lt;/a&gt;</msg>
<status status="PASS" starttime="20230324 16:04:54.985" endtime="20230324 16:04:55.392"/>
</kw>
<status status="PASS" starttime="20230324 16:04:49.222" endtime="20230324 16:04:55.393"/>
</kw>
<kw name="Verify Mobile Loading Is Done" library="Top_New_Feed_Mobile_Keywords">
<kw name="Wait Until Page Does Not Contain Element" library="AppiumLibrary">
<arg>//*[contains(@text,"กรุณารอสักครู่")]</arg>
<doc>Waits until element specified with `locator` disappears from current page.</doc>
<msg timestamp="20230324 16:04:55.957" level="INFO">xpath criteria: //*[contains(@text,"กรุณารอสักครู่")]</msg>
<status status="PASS" starttime="20230324 16:04:55.393" endtime="20230324 16:04:55.957"/>
</kw>
<kw name="Sleep" library="BuiltIn">
<arg>5s</arg>
<doc>Pauses the test executed for the given time.</doc>
<msg timestamp="20230324 16:05:00.958" level="INFO">Slept 5 seconds</msg>
<status status="PASS" starttime="20230324 16:04:55.958" endtime="20230324 16:05:00.958"/>
</kw>
<status status="PASS" starttime="20230324 16:04:55.393" endtime="20230324 16:05:00.958"/>
</kw>
<kw name="Verify Contact Us VDO CALL" library="Top_New_Feed_Mobile_Keywords">
<arg>${varHeaderVDOCALL}</arg>
<arg>${varAnnounceVDOCALL}</arg>
<arg>${varVDOCALLDetail1}</arg>
<arg>${varVDOCALLDetail2}</arg>
<kw name="Sleep" library="BuiltIn">
<arg>6s</arg>
<doc>Pauses the test executed for the given time.</doc>
<msg timestamp="20230324 16:05:06.959" level="INFO">Slept 6 seconds</msg>
<status status="PASS" starttime="20230324 16:05:00.958" endtime="20230324 16:05:06.959"/>
</kw>
<kw name="Wait Until Page Contains Element" library="AppiumLibrary">
<arg>${locatHeaderVDOCALL}</arg>
<doc>Waits until element specified with `locator` appears on current page.</doc>
<msg timestamp="20230324 16:05:06.980" level="INFO">xpath criteria: //android.widget.TextView[@resource-id="com.tisconet.ftc.sit:id/tvTitle"][contains(@text,"ติดต่อเจ้าหน้าที่ผ่าน VDO CALL")]</msg>
<status status="PASS" starttime="20230324 16:05:06.959" endtime="20230324 16:05:06.980"/>
</kw>
<kw name="Text Shoud Be Equal" library="Top_New_Feed_Mobile_Keywords">
<arg>${locatHeaderVDOCALL}</arg>
<arg>${headerTitle}</arg>
<kw name="Get Text" library="AppiumLibrary">
<var>${ActualValue}</var>
<arg>${Locator}</arg>
<doc>Get element text (for hybrid and mobile browser use `xpath` locator, others might cause problem)</doc>
<msg timestamp="20230324 16:05:07.009" level="INFO">Element '//android.widget.TextView[@resource-id="com.tisconet.ftc.sit:id/tvTitle"][contains(@text,"ติดต่อเจ้าหน้าที่ผ่าน VDO CALL")]' text is 'ติดต่อเจ้าหน้าที่ผ่าน VDO CALL' </msg>
<msg timestamp="20230324 16:05:07.009" level="INFO">xpath criteria: //android.widget.TextView[@resource-id="com.tisconet.ftc.sit:id/tvTitle"][contains(@text,"ติดต่อเจ้าหน้าที่ผ่าน VDO CALL")]</msg>
<msg timestamp="20230324 16:05:07.009" level="INFO">${ActualValue} = ติดต่อเจ้าหน้าที่ผ่าน VDO CALL</msg>
<status status="PASS" starttime="20230324 16:05:06.980" endtime="20230324 16:05:07.009"/>
</kw>
<kw name="Should Be Equal" library="BuiltIn">
<arg>${ActualValue}</arg>
<arg>${ExpectValue}</arg>
<doc>Fails if the given objects are unequal.</doc>
<status status="PASS" starttime="20230324 16:05:07.009" endtime="20230324 16:05:07.009"/>
</kw>
<status status="PASS" starttime="20230324 16:05:06.980" endtime="20230324 16:05:07.009"/>
</kw>
<kw name="Text Shoud Be Equal" library="Top_New_Feed_Mobile_Keywords">
<arg>${locatAnnounceVDOCALL}</arg>
<arg>${Announce}</arg>
<kw name="Get Text" library="AppiumLibrary">
<var>${ActualValue}</var>
<arg>${Locator}</arg>
<doc>Get element text (for hybrid and mobile browser use `xpath` locator, others might cause problem)</doc>
<msg timestamp="20230324 16:05:07.037" level="INFO">Element 'xpath= (//android.widget.FrameLayout[@resource-id="com.tisconet.ftc.sit:id/content"]//android.widget.TextView)[1]' text is 'กรุณาเตรียมหลักฐานและอุปกรณ์ดังต่อไปนี้' </msg>
<msg timestamp="20230324 16:05:07.037" level="INFO">xpath criteria: (//android.widget.FrameLayout[@resource-id="com.tisconet.ftc.sit:id/content"]//android.widget.TextView)[1]</msg>
<msg timestamp="20230324 16:05:07.037" level="INFO">${ActualValue} = กรุณาเตรียมหลักฐานและอุปกรณ์ดังต่อไปนี้</msg>
<status status="PASS" starttime="20230324 16:05:07.009" endtime="20230324 16:05:07.037"/>
</kw>
<kw name="Should Be Equal" library="BuiltIn">
<arg>${ActualValue}</arg>
<arg>${ExpectValue}</arg>
<doc>Fails if the given objects are unequal.</doc>
<status status="PASS" starttime="20230324 16:05:07.037" endtime="20230324 16:05:07.037"/>
</kw>
<status status="PASS" starttime="20230324 16:05:07.009" endtime="20230324 16:05:07.037"/>
</kw>
<kw name="Text Shoud Be Equal" library="Top_New_Feed_Mobile_Keywords">
<arg>${locatDetailVDOCALL1}</arg>
<arg>${Detail1}</arg>
<kw name="Get Text" library="AppiumLibrary">
<var>${ActualValue}</var>
<arg>${Locator}</arg>
<doc>Get element text (for hybrid and mobile browser use `xpath` locator, others might cause problem)</doc>
<msg timestamp="20230324 16:05:07.065" level="INFO">Element 'xpath= (//android.widget.FrameLayout[@resource-id="com.tisconet.ftc.sit:id/cardView"]/android.widget.LinearLayout/android.widget.LinearLayout/android.widget.TextView)[1]' text is 'บัตรประชาชนตัวจริงที่ยังไม่หมดอายุ' </msg>
<msg timestamp="20230324 16:05:07.065" level="INFO">xpath criteria: (//android.widget.FrameLayout[@resource-id="com.tisconet.ftc.sit:id/cardView"]/android.widget.LinearLayout/android.widget.LinearLayout/android.widget.TextView)[1]</msg>
<msg timestamp="20230324 16:05:07.066" level="INFO">${ActualValue} = บัตรประชาชนตัวจริงที่ยังไม่หมดอายุ</msg>
<status status="PASS" starttime="20230324 16:05:07.038" endtime="20230324 16:05:07.066"/>
</kw>
<kw name="Should Be Equal" library="BuiltIn">
<arg>${ActualValue}</arg>
<arg>${ExpectValue}</arg>
<doc>Fails if the given objects are unequal.</doc>
<status status="PASS" starttime="20230324 16:05:07.066" endtime="20230324 16:05:07.066"/>
</kw>
<status status="PASS" starttime="20230324 16:05:07.037" endtime="20230324 16:05:07.066"/>
</kw>
<kw name="Text Shoud Be Equal" library="Top_New_Feed_Mobile_Keywords">
<arg>${locatDetailVDOCALL2}</arg>
<arg>${Detail2}</arg>
<kw name="Get Text" library="AppiumLibrary">
<var>${ActualValue}</var>
<arg>${Locator}</arg>
<doc>Get element text (for hybrid and mobile browser use `xpath` locator, others might cause problem)</doc>
<msg timestamp="20230324 16:05:07.094" level="INFO">Element 'xpath= (//android.widget.FrameLayout[@resource-id="com.tisconet.ftc.sit:id/cardView"]/android.widget.LinearLayout/android.widget.LinearLayout/android.widget.TextView)[2]' text is 'โทรศัพท์มือถือ / แท็บเล็ตที่มีกล้องหน้าพร้อมสัญญาณอินเตอร์เน็ตพร้อมใช้งาน' </msg>
<msg timestamp="20230324 16:05:07.094" level="INFO">xpath criteria: (//android.widget.FrameLayout[@resource-id="com.tisconet.ftc.sit:id/cardView"]/android.widget.LinearLayout/android.widget.LinearLayout/android.widget.TextView)[2]</msg>
<msg timestamp="20230324 16:05:07.094" level="INFO">${ActualValue} = โทรศัพท์มือถือ / แท็บเล็ตที่มีกล้องหน้าพร้อมสัญญาณอินเตอร์เน็ตพร้อมใช้งาน</msg>
<status status="PASS" starttime="20230324 16:05:07.066" endtime="20230324 16:05:07.094"/>
</kw>
<kw name="Should Be Equal" library="BuiltIn">
<arg>${ActualValue}</arg>
<arg>${ExpectValue}</arg>
<doc>Fails if the given objects are unequal.</doc>
<status status="PASS" starttime="20230324 16:05:07.094" endtime="20230324 16:05:07.094"/>
</kw>
<status status="PASS" starttime="20230324 16:05:07.066" endtime="20230324 16:05:07.094"/>
</kw>
<kw name="Capture Page Screenshot" library="AppiumLibrary">
<arg>VerifyContactUsVDOCALL.png</arg>
<doc>Takes a screenshot of the current page and embeds it into the log.</doc>
<msg timestamp="20230324 16:05:07.519" level="INFO" html="true">&lt;/td&gt;&lt;/tr&gt;&lt;tr&gt;&lt;td colspan="3"&gt;&lt;a href="VerifyContactUsVDOCALL.png"&gt;&lt;img src="VerifyContactUsVDOCALL.png" width="800px"&gt;&lt;/a&gt;</msg>
<status status="PASS" starttime="20230324 16:05:07.094" endtime="20230324 16:05:07.519"/>
</kw>
<status status="PASS" starttime="20230324 16:05:00.958" endtime="20230324 16:05:07.519"/>
</kw>
<kw name="Verify Button Start VDO CALL" library="Top_New_Feed_Mobile_Keywords">
<kw name="Wait Until Page Contains Element" library="AppiumLibrary">
<arg>${locatButtonStartVDOCALL}</arg>
<doc>Waits until element specified with `locator` appears on current page.</doc>
<msg timestamp="20230324 16:05:07.554" level="INFO">xpath criteria: //android.widget.Button[contains(@text,"เริ่ม VDO CALL")]</msg>
<status status="PASS" starttime="20230324 16:05:07.520" endtime="20230324 16:05:07.554"/>
</kw>
<kw name="Element Should Be Enabled" library="AppiumLibrary">
<arg>${locatButtonStartVDOCALL}</arg>
<doc>Verifies that element identified with locator is enabled.</doc>
<msg timestamp="20230324 16:05:07.585" level="INFO">Element '//android.widget.Button[contains(@text,"เริ่ม VDO CALL")]' is enabled .</msg>
<msg timestamp="20230324 16:05:07.585" level="INFO">xpath criteria: //android.widget.Button[contains(@text,"เริ่ม VDO CALL")]</msg>
<status status="PASS" starttime="20230324 16:05:07.555" endtime="20230324 16:05:07.585"/>
</kw>
<status status="PASS" starttime="20230324 16:05:07.520" endtime="20230324 16:05:07.585"/>
</kw>
<tag>Contact_us</tag>
<tag>Multiple</tag>
<status status="PASS" starttime="20230324 16:04:00.709" endtime="20230324 16:05:07.585"/>
</test>
<status status="PASS" starttime="20230324 16:04:00.532" endtime="20230324 16:05:07.586"/>
</suite>
<statistics>
<total>
<stat pass="1" fail="0" skip="0">All Tests</stat>
</total>
<tag>
<stat pass="1" fail="0" skip="0">Contact_us</stat>
<stat pass="1" fail="0" skip="0">Multiple</stat>
</tag>
<suite>
<stat pass="1" fail="0" skip="0" id="s1" name="Top New Feed Mobile">Top New Feed Mobile</stat>
</suite>
</statistics>
<errors>
</errors>
</robot>
