<?xml version="1.0" encoding="UTF-8"?>
<robot generator="Robot 6.0.1 (Python 3.11.0 on win32)" generated="20230303 10:51:52.371" rpa="false" schemaversion="3">
<suite id="s1" name="MyFund" source="C:\Users\เบส\Desktop\TISCO\Mobile App\BestTest\TestCase\MyFund\Top_New_Feed\MyFund.robot">
<test id="s1-t1" name="TESTCASE003_Single Feed Specific Target By Now" line="36">
<kw name="Open Application" library="AppiumLibrary">
<arg>${URL}</arg>
<arg>platformName=${PLATFORM}</arg>
<arg>platformVersion=${DEVICE_TARGET}</arg>
<arg>deviceName=${DEVICE_NAME}</arg>
<arg>app=${APP_LOCATION}</arg>
<arg>automationName=appium</arg>
<arg>noReset=false</arg>
<doc>Opens a new application to given Appium server.
Capabilities of appium server, Android and iOS,
Please check https://github.com/appium/appium/blob/master/docs/en/writing-running-appium/server-args.md
| *Option*            | *Man.* | *Description*     |
| remote_url          | Yes    | Appium server url |
| alias               | no     | alias             |
| strict_ssl          | No     | allows you to send commands to an invalid certificate host like a self-signed one. |</doc>
<status status="PASS" starttime="20230303 10:51:52.548" endtime="20230303 10:52:02.580"/>
</kw>
<kw name="Press Button Accept Cookie" library="Single_Feed_Broadcast_All_Keywords">
<kw name="Run Keyword And Return Status" library="BuiltIn">
<var>${Status}</var>
<arg>AppiumLibrary.Wait Until Element Is Visible</arg>
<arg>${locatAndroidButtonAcceptCookie}</arg>
<arg>timeout=10s</arg>
<doc>Runs the given keyword with given arguments and returns the status as a Boolean value.</doc>
<kw name="Wait Until Element Is Visible" library="AppiumLibrary">
<arg>${locatAndroidButtonAcceptCookie}</arg>
<arg>timeout=10s</arg>
<doc>Waits until element specified with `locator` is visible.</doc>
<msg timestamp="20230303 10:52:08.082" level="INFO">xpath criteria: //android.widget.Button[2]
xpath criteria: //android.widget.Button[2]
xpath criteria: //android.widget.Button[2]
xpath criteria: //android.widget.Button[2]
xpath criteria: //android.widget.Button[2]</msg>
<status status="PASS" starttime="20230303 10:52:02.581" endtime="20230303 10:52:08.082"/>
</kw>
<msg timestamp="20230303 10:52:08.082" level="INFO">${Status} = True</msg>
<status status="PASS" starttime="20230303 10:52:02.581" endtime="20230303 10:52:08.082"/>
</kw>
<kw name="Run Keyword If" library="BuiltIn">
<arg>'${Status}'=='True'</arg>
<arg>Sleep</arg>
<arg>3s</arg>
<doc>Runs the given keyword with the given arguments, if ``condition`` is true.</doc>
<kw name="Sleep" library="BuiltIn">
<arg>3s</arg>
<doc>Pauses the test executed for the given time.</doc>
<msg timestamp="20230303 10:52:11.083" level="INFO">Slept 3 seconds</msg>
<status status="PASS" starttime="20230303 10:52:08.082" endtime="20230303 10:52:11.083"/>
</kw>
<status status="PASS" starttime="20230303 10:52:08.082" endtime="20230303 10:52:11.083"/>
</kw>
<kw name="Run Keyword If" library="BuiltIn">
<arg>'${Status}'=='True'</arg>
<arg>AppiumLibrary.Click Element</arg>
<arg>${locatAndroidButtonAcceptCookie}</arg>
<doc>Runs the given keyword with the given arguments, if ``condition`` is true.</doc>
<kw name="Click Element" library="AppiumLibrary">
<arg>${locatAndroidButtonAcceptCookie}</arg>
<doc>Click element identified by `locator`.</doc>
<msg timestamp="20230303 10:52:11.085" level="INFO">Clicking element '//android.widget.Button[2]'.</msg>
<msg timestamp="20230303 10:52:12.288" level="INFO">xpath criteria: //android.widget.Button[2]</msg>
<status status="PASS" starttime="20230303 10:52:11.083" endtime="20230303 10:52:12.288"/>
</kw>
<status status="PASS" starttime="20230303 10:52:11.083" endtime="20230303 10:52:12.288"/>
</kw>
<kw name="Log To Console" library="BuiltIn">
<arg>Status=${Status}</arg>
<doc>Logs the given message to the console.</doc>
<status status="PASS" starttime="20230303 10:52:12.288" endtime="20230303 10:52:12.288"/>
</kw>
<status status="PASS" starttime="20230303 10:52:02.581" endtime="20230303 10:52:12.288"/>
</kw>
<kw name="Press Icon Notification" library="Single_Feed_Broadcast_All_Keywords">
<kw name="Wait Until Element Is Visible" library="AppiumLibrary">
<arg>${locatAndroidIconNotification}</arg>
<arg>timeout=10s</arg>
<doc>Waits until element specified with `locator` is visible.</doc>
<msg timestamp="20230303 10:52:14.254" level="INFO">xpath criteria: //android.widget.FrameLayout[@resource-id="com.tisconet.ftc.sit:id/notification"]</msg>
<status status="PASS" starttime="20230303 10:52:12.289" endtime="20230303 10:52:14.254"/>
</kw>
<kw name="Click Element" library="AppiumLibrary">
<arg>${locatAndroidIconNotification}</arg>
<doc>Click element identified by `locator`.</doc>
<msg timestamp="20230303 10:52:14.255" level="INFO">Clicking element '//android.widget.FrameLayout[@resource-id="com.tisconet.ftc.sit:id/notification"]'.</msg>
<msg timestamp="20230303 10:52:14.337" level="INFO">xpath criteria: //android.widget.FrameLayout[@resource-id="com.tisconet.ftc.sit:id/notification"]</msg>
<status status="PASS" starttime="20230303 10:52:14.254" endtime="20230303 10:52:14.337"/>
</kw>
<status status="PASS" starttime="20230303 10:52:12.289" endtime="20230303 10:52:14.337"/>
</kw>
<kw name="Verify Message Inbox Record 1" library="Single_Feed_Broadcast_All_Keywords">
<arg>${varTopicCase3}</arg>
<arg>${varDetailCase3}</arg>
<kw name="Wait Until Page Contains Element" library="AppiumLibrary">
<arg>${locatAndroidMessageTopicInbox}</arg>
<arg>timeout=10s</arg>
<doc>Waits until element specified with `locator` appears on current page.</doc>
<msg timestamp="20230303 10:52:26.463" level="INFO">&lt;?xml version='1.0' encoding='UTF-8' standalone='yes' ?&gt;
&lt;hierarchy index="0" class="hierarchy" rotation="0" width="1080" height="2214"&gt;
  &lt;android.widget.FrameLayout index="0" package="com.tisconet.ftc.sit" class="android.widget.FrameLayout" text="" checkable="false" checked="false" clickable="false" enabled="true" focusable="false" focused="false" long-clickable="false" password="false" scrollable="false" selected="false" bounds="[0,0][1080,2214]" displayed="true"&gt;
    &lt;android.widget.LinearLayout index="0" package="com.tisconet.ftc.sit" class="android.widget.LinearLayout" text="" checkable="false" checked="false" clickable="false" enabled="true" focusable="false" focused="false" long-clickable="false" password="false" scrollable="false" selected="false" bounds="[0,0][1080,2214]" displayed="true"&gt;
      &lt;android.widget.FrameLayout index="0" package="com.tisconet.ftc.sit" class="android.widget.FrameLayout" text="" resource-id="android:id/content" checkable="false" checked="false" clickable="false" enabled="true" focusable="false" focused="false" long-clickable="false" password="false" scrollable="false" selected="false" bounds="[0,66][1080,2214]" displayed="true"&gt;
        &lt;android.widget.RelativeLayout index="0" package="com.tisconet.ftc.sit" class="android.widget.RelativeLayout" text="" checkable="false" checked="false" clickable="false" enabled="true" focusable="false" focused="false" long-clickable="false" password="false" scrollable="false" selected="false" bounds="[0,66][1080,2214]" displayed="true"&gt;
          &lt;android.widget.LinearLayout index="0" package="com.tisconet.ftc.sit" class="android.widget.LinearLayout" text="" checkable="false" checked="false" clickable="false" enabled="true" focusable="false" focused="false" long-clickable="false" password="false" scrollable="false" selected="false" bounds="[45,452][1035,1827]" displayed="true"&gt;
            &lt;android.widget.ScrollView index="0" package="com.tisconet.ftc.sit" class="android.widget.ScrollView" text="" checkable="false" checked="false" clickable="false" enabled="true" focusable="true" focused="false" long-clickable="false" password="false" scrollable="true" selected="false" bounds="[56,463][1024,1597]" displayed="true"&gt;
              &lt;android.widget.ImageView index="0" package="com.tisconet.ftc.sit" class="android.widget.ImageView" text="" resource-id="com.tisconet.ftc.sit:id/imgPreview" checkable="false" checked="false" clickable="true" enabled="true" focusable="true" focused="false" long-clickable="false" password="false" scrollable="false" selected="false" bounds="[56,463][1024,1597]" displayed="true" /&gt;
            &lt;/android.widget.ScrollView&gt;
            &lt;android.view.View index="1" package="com.tisconet.ftc.sit" class="android.view.View" text="" checkable="false" checked="false" clickable="false" enabled="true" focusable="false" focused="false" long-clickable="false" password="false" scrollable="false" selected="false" bounds="[56,1611][1024,1614]" displayed="true" /&gt;
            &lt;android.widget.LinearLayout index="2" package="com.tisconet.ftc.sit" class="android.widget.LinearLayout" text="" checkable="false" checked="false" clickable="false" enabled="true" focusable="false" focused="false" long-clickable="false" password="false" scrollable="false" selected="false" bounds="[56,1628][1024,1816]" displayed="true"&gt;
              &lt;android.widget.Button index="0" package="com.tisconet.ftc.sit" class="android.widget.Button" text="รับทราบ" resource-id="com.tisconet.ftc.sit:id/btn_cancel" checkable="false" checked="false" clickable="true" enabled="true" focusable="true" focused="false" long-clickable="false" password="false" scrollable="false" selected="false" bounds="[154,1656][512,1788]" displayed="true" /&gt;
              &lt;android.widget.Button index="1" package="com.tisconet.ftc.sit" class="android.widget.Button" text="Reactivate" resource-id="com.tisconet.ftc.sit:id/btn_ok" checkable="false" checked="false" clickable="true" enabled="true" focusable="true" focused="false" long-clickable="false" password="false" scrollable="false" selected="false" bounds="[568,1656][926,1788]" displayed="true" /&gt;
            &lt;/android.widget.LinearLayout&gt;
          &lt;/android.widget.LinearLayout&gt;
        &lt;/android.widget.RelativeLayout&gt;
      &lt;/android.widget.FrameLayout&gt;
    &lt;/android.widget.LinearLayout&gt;
    &lt;android.view.View index="2" package="com.tisconet.ftc.sit" class="android.view.View" text="" resource-id="android:id/navigationBarBackground" checkable="false" checked="false" clickable="false" enabled="true" focusable="false" focused="false" long-clickable="false" password="false" scrollable="false" selected="false" bounds="[0,2214][1080,2280]" displayed="true" /&gt;
  &lt;/android.widget.FrameLayout&gt;
&lt;/hierarchy&gt;</msg>
<kw name="Capture Page Screenshot" library="AppiumLibrary">
<doc>Takes a screenshot of the current page and embeds it into the log.</doc>
<msg timestamp="20230303 10:52:26.538" level="FAIL">ScreenshotException: Message: Failed to capture a screenshot. Does the current view have 'secure' flag set?
Stacktrace:
io.appium.uiautomator2.common.exceptions.TakeScreenshotException: Failed to capture a screenshot. Does the current view have 'secure' flag set?
	at io.appium.uiautomator2.utils.ScreenshotHelper.takeDeviceScreenshot(ScreenshotHelper.java:129)
	at io.appium.uiautomator2.utils.ScreenshotHelper.takeScreenshot(ScreenshotHelper.java:62)
	at io.appium.uiautomator2.utils.ScreenshotHelper.takeScreenshot(ScreenshotHelper.java:77)
	at io.appium.uiautomator2.handler.CaptureScreenshot.safeHandle(CaptureScreenshot.java:32)
	at io.appium.uiautomator2.handler.request.SafeRequestHandler.handle(SafeRequestHandler.java:59)
	at io.appium.uiautomator2.server.AppiumServlet.handleRequest(AppiumServlet.java:266)
	at io.appium.uiautomator2.server.AppiumServlet.handleHttpRequest(AppiumServlet.java:260)
	at io.appium.uiautomator2.http.ServerHandler.channelRead(ServerHandler.java:68)
	at io.netty.channel.AbstractChannelHandlerContext.invokeChannelRead(AbstractChannelHandlerContext.java:366)
	at io.netty.channel.AbstractChannelHandlerContext.invokeChannelRead(AbstractChannelHandlerContext.java:352)
	at io.netty.channel.AbstractChannelHandlerContext.fireChannelRead(AbstractChannelHandlerContext.java:345)
	at io.netty.handler.codec.MessageToMessageDecoder.channelRead(MessageToMessageDecoder.java:102)
	at io.netty.channel.AbstractChannelHandlerContext.invokeChannelRead(AbstractChannelHandlerContext.java:366)
	at io.netty.channel.AbstractChannelHandlerContext.invokeChannelRead(AbstractChannelHandlerContext.java:352)
	at io.netty.channel.AbstractChannelHandlerContext.fireChannelRead(AbstractChannelHandlerContext.java:345)
	at io.netty.channel.CombinedChannelDuplexHandler$DelegatingChannelHandlerContext.fireChannelRead(CombinedChannelDuplexHandler.java:435)
	at io.netty.handler.codec.ByteToMessageDecoder.fireChannelRead(ByteToMessageDecoder.java:293)
	at io.netty.handler.codec.ByteToMessageDecoder.channelRead(ByteToMessageDecoder.java:267)
	at io.netty.channel.CombinedChannelDuplexHandler.channelRead(CombinedChannelDuplexHandler.java:250)
	at io.netty.channel.AbstractChannelHandlerContext.invokeChannelRead(AbstractChannelHandlerContext.java:366)
	at io.netty.channel.AbstractChannelHandlerContext.invokeChannelRead(AbstractChannelHandlerContext.java:352)
	at io.netty.channel.AbstractChannelHandlerContext.fireChannelRead(AbstractChannelHandlerContext.java:345)
	at io.netty.handler.timeout.IdleStateHandler.channelRead(IdleStateHandler.java:266)
	at io.netty.channel.AbstractChannelHandlerContext.invokeChannelRead(AbstractChannelHandlerContext.java:366)
	at io.netty.channel.AbstractChannelHandlerContext.invokeChannelRead(AbstractChannelHandlerContext.java:352)
	at io.netty.channel.AbstractChannelHandlerContext.fireChannelRead(AbstractChannelHandlerContext.java:345)
	at io.netty.channel.DefaultChannelPipeline$HeadContext.channelRead(DefaultChannelPipeline.java:1294)
	at io.netty.channel.AbstractChannelHandlerContext.invokeChannelRead(AbstractChannelHandlerContext.java:366)
	at io.netty.channel.AbstractChannelHandlerContext.invokeChannelRead(AbstractChannelHandlerContext.java:352)
	at io.netty.channel.DefaultChannelPipeline.fireChannelRead(DefaultChannelPipeline.java:911)
	at io.netty.channel.nio.AbstractNioByteChannel$NioByteUnsafe.read(AbstractNioByteChannel.java:131)
	at io.netty.channel.nio.NioEventLoop.processSelectedKey(NioEventLoop.java:611)
	at io.netty.channel.nio.NioEventLoop.processSelectedKeysOptimized(NioEventLoop.java:552)
	at io.netty.channel.nio.NioEventLoop.processSelectedKeys(NioEventLoop.java:466)
	at io.netty.channel.nio.NioEventLoop.run(NioEventLoop.java:438)
	at io.netty.util.concurrent.SingleThreadEventExecutor$2.run(SingleThreadEventExecutor.java:140)
	at io.netty.util.concurrent.DefaultThreadFactory$DefaultRunnableDecorator.run(DefaultThreadFactory.java:144)
	at java.lang.Thread.run(Thread.java:1012)
</msg>
<status status="FAIL" starttime="20230303 10:52:26.463" endtime="20230303 10:52:26.561"/>
</kw>
<msg timestamp="20230303 10:52:26.563" level="WARN">Keyword 'Capture Page Screenshot' could not be run on failure: ScreenshotException: Message: Failed to capture a screenshot. Does the current view have 'secure' flag set?
Stacktrace:
io.appium.uiautomator2.common.exceptions.TakeScreenshotException: Failed to capture a screenshot. Does the current view have 'secure' flag set?
	at io.appium.uiautomator2.utils.ScreenshotHelper.takeDeviceScreenshot(ScreenshotHelper.java:129)
	at io.appium.uiautomator2.utils.ScreenshotHelper.takeScreenshot(ScreenshotHelper.java:62)
	at io.appium.uiautomator2.utils.ScreenshotHelper.takeScreenshot(ScreenshotHelper.java:77)
	at io.appium.uiautomator2.handler.CaptureScreenshot.safeHandle(CaptureScreenshot.java:32)
	at io.appium.uiautomator2.handler.request.SafeRequestHandler.handle(SafeRequestHandler.java:59)
	at io.appium.uiautomator2.server.AppiumServlet.handleRequest(AppiumServlet.java:266)
	at io.appium.uiautomator2.server.AppiumServlet.handleHttpRequest(AppiumServlet.java:260)
	at io.appium.uiautomator2.http.ServerHandler.channelRead(ServerHandler.jav...
    [ Message content over the limit has been removed. ]
	at io.netty.channel.AbstractChannelHandlerContext.invokeChannelRead(AbstractChannelHandlerContext.java:366)
	at io.netty.channel.AbstractChannelHandlerContext.invokeChannelRead(AbstractChannelHandlerContext.java:352)
	at io.netty.channel.DefaultChannelPipeline.fireChannelRead(DefaultChannelPipeline.java:911)
	at io.netty.channel.nio.AbstractNioByteChannel$NioByteUnsafe.read(AbstractNioByteChannel.java:131)
	at io.netty.channel.nio.NioEventLoop.processSelectedKey(NioEventLoop.java:611)
	at io.netty.channel.nio.NioEventLoop.processSelectedKeysOptimized(NioEventLoop.java:552)
	at io.netty.channel.nio.NioEventLoop.processSelectedKeys(NioEventLoop.java:466)
	at io.netty.channel.nio.NioEventLoop.run(NioEventLoop.java:438)
	at io.netty.util.concurrent.SingleThreadEventExecutor$2.run(SingleThreadEventExecutor.java:140)
	at io.netty.util.concurrent.DefaultThreadFactory$DefaultRunnableDecorator.run(DefaultThreadFactory.java:144)
	at java.lang.Thread.run(Thread.java:1012)</msg>
<msg timestamp="20230303 10:52:26.565" level="INFO">xpath criteria: //android.view.ViewGroup[1]/android.widget.FrameLayout[1]/android.widget.LinearLayout/android.widget.LinearLayout/android.widget.TextView
xpath criteria: //android.view.ViewGroup[1]/android.widget.FrameLayout[1]/android.widget.LinearLayout/android.widget.LinearLayout/android.widget.TextView
xpath criteria: //android.view.ViewGroup[1]/android.widget.FrameLayout[1]/android.widget.LinearLayout/android.widget.LinearLayout/android.widget.TextView
xpath criteria: //android.view.ViewGroup[1]/android.widget.FrameLayout[1]/android.widget.LinearLayout/android.widget.LinearLayout/android.widget.TextView
xpath criteria: //android.view.ViewGroup[1]/android.widget.FrameLayout[1]/android.widget.LinearLayout/android.widget.LinearLayout/android.widget.TextView
xpath criteria: //android.view.ViewGroup[1]/android.widget.FrameLayout[1]/android.widget.LinearLayout/android.widget.LinearLayout/android.widget.TextView
xpath criteria: //android.view.ViewGroup[1]/android.widget.FrameLayout[1]/android.widget.LinearLayout/android.widget.LinearLayout/android.widget.TextView
xpath criteria: //android.view.ViewGroup[1]/android.widget.FrameLayout[1]/android.widget.LinearLayout/android.widget.LinearLayout/android.widget.TextView
xpath criteria: //android.view.ViewGroup[1]/android.widget.FrameLayout[1]/android.widget.LinearLayout/android.widget.LinearLayout/android.widget.TextView
xpath criteria: //android.view.ViewGroup[1]/android.widget.FrameLayout[1]/android.widget.LinearLayout/android.widget.LinearLayout/android.widget.TextView
xpath criteria: //android.view.ViewGroup[1]/android.widget.FrameLayout[1]/android.widget.LinearLayout/android.widget.LinearLayout/android.widget.TextView
xpath criteria: //android.view.ViewGroup[1]/android.widget.FrameLayout[1]/android.widget.LinearLayout/android.widget.LinearLayout/android.widget.TextView
xpath criteria: //android.view.ViewGroup[1]/android.widget.FrameLayout[1]/android.widget.LinearLayout/android.widget.LinearLayout/android.widget.TextView
xpath criteria: //android.view.ViewGroup[1]/android.widget.FrameLayout[1]/android.widget.LinearLayout/android.widget.LinearLayout/android.widget.TextView
xpath criteria: //android.view.ViewGroup[1]/android.widget.FrameLayout[1]/android.widget.LinearLayout/android.widget.LinearLayout/android.widget.TextView
xpath criteria: //android.view.ViewGroup[1]/android.widget.FrameLayout[1]/android.widget.LinearLayout/android.widget.LinearLayout/android.widget.TextView
xpath criteria: //android.view.ViewGroup[1]/android.widget.FrameLayout[1]/android.widget.LinearLayout/android.widget.LinearLayout/android.widget.TextView
xpath criteria: //android.view.ViewGroup[1]/android.widget.FrameLayout[1]/android.widget.LinearLayout/android.widget.LinearLayout/android.widget.TextView
xpath criteria: //android.view.ViewGroup[1]/android.widget.FrameLayout[1]/android.widget.LinearLayout/android.widget.LinearLayout/android.widget.TextView
xpath criteria: //android.view.ViewGroup[1]/android.widget.FrameLayout[1]/android.widget.LinearLayout/android.widget.LinearLayout/android.widget.TextView
xpath criteria: //android.view.ViewGroup[1]/android.widget.FrameLayout[1]/android.widget.LinearLayout/android.widget.LinearLayout/android.widget.TextView
xpath criteria: //android.view.ViewGroup[1]/android.widget.FrameLayout[1]/android.widget.LinearLayout/android.widget.LinearLayout/android.widget.TextView
xpath criteria: //android.view.ViewGroup[1]/android.widget.FrameLayout[1]/android.widget.LinearLayout/android.widget.LinearLayout/android.widget.TextView
xpath criteria: //android.view.ViewGroup[1]/android.widget.FrameLayout[1]/android.widget.LinearLayout/android.widget.LinearLayout/android.widget.TextView
xpath criteria: //android.view.ViewGroup[1]/android.widget.FrameLayout[1]/android.widget.LinearLayout/android.widget.LinearLayout/android.widget.TextView
xpath criteria: //android.view.ViewGroup[1]/android.widget.FrameLayout[1]/android.widget.LinearLayout/android.widget.LinearLayout/android.widget.TextView
xpath criteria: //android.view.ViewGroup[1]/android.widget.FrameLayout[1]/android.widget.LinearLayout/android.widget.LinearLayout/android.widget.TextView
xpath criteria: //android.view.ViewGroup[1]/android.widget.FrameLayout[1]/android.widget.LinearLayout/android.widget.LinearLayout/android.widget.TextView
xpath criteria: //android.view.ViewGroup[1]/android.widget.FrameLayout[1]/android.widget.LinearLayout/android.widget.LinearLayout/android.widget.TextView
xpath criteria: //android.view.ViewGroup[1]/android.widget.FrameLayout[1]/android.widget.LinearLayout/android.widget.LinearLayout/android.widget.TextView
xpath criteria: //android.view.ViewGroup[1]/android.widget.FrameLayout[1]/android.widget.LinearLayout/android.widget.LinearLayout/android.widget.TextView
xpath criteria: //android.view.ViewGroup[1]/android.widget.FrameLayout[1]/android.widget.LinearLayout/android.widget.LinearLayout/android.widget.TextView
xpath criteria: //android.view.ViewGroup[1]/android.widget.FrameLayout[1]/android.widget.LinearLayout/android.widget.LinearLayout/android.widget.TextView
xpath criteria: //android.view.ViewGroup[1]/android.widget.FrameLayout[1]/android.widget.LinearLayout/android.widget.LinearLayout/android.widget.TextView
xpath criteria: //android.view.ViewGroup[1]/android.widget.FrameLayout[1]/android.widget.LinearLayout/android.widget.LinearLayout/android.widget.TextView
xpath criteria: //android.view.ViewGroup[1]/android.widget.FrameLayout[1]/android.widget.LinearLayout/android.widget.LinearLayout/android.widget.TextView</msg>
<msg timestamp="20230303 10:52:26.565" level="FAIL">Element '//android.view.ViewGroup[1]/android.widget.FrameLayout[1]/android.widget.LinearLayout/android.widget.LinearLayout/android.widget.TextView' did not appear in 10 seconds</msg>
<status status="FAIL" starttime="20230303 10:52:14.338" endtime="20230303 10:52:26.566"/>
</kw>
<kw name="Sleep" library="BuiltIn">
<arg>4s</arg>
<doc>Pauses the test executed for the given time.</doc>
<status status="NOT RUN" starttime="20230303 10:52:26.566" endtime="20230303 10:52:26.566"/>
</kw>
<kw name="Text Shoud Be Equal" library="Single_Feed_Broadcast_All_Keywords">
<arg>${locatAndroidMessageTopicInbox}</arg>
<arg>${TopicValue}</arg>
<status status="NOT RUN" starttime="20230303 10:52:26.566" endtime="20230303 10:52:26.566"/>
</kw>
<kw name="Text Shoud Be Equal" library="Single_Feed_Broadcast_All_Keywords">
<arg>${locatAndroidMessageDetailInbox}</arg>
<arg>${DetailValue}</arg>
<status status="NOT RUN" starttime="20230303 10:52:26.566" endtime="20230303 10:52:26.566"/>
</kw>
<status status="FAIL" starttime="20230303 10:52:14.338" endtime="20230303 10:52:26.567"/>
</kw>
<kw name="Click Element" library="AppiumLibrary">
<arg>${locatAndroidMessageTopicInbox}</arg>
<doc>Click element identified by `locator`.</doc>
<status status="NOT RUN" starttime="20230303 10:52:26.567" endtime="20230303 10:52:26.567"/>
</kw>
<kw name="Verify Message Detail In Inbox" library="Single_Feed_Broadcast_All_Keywords">
<arg>${varTopicCase3}</arg>
<arg>${varDetailCase3}</arg>
<status status="NOT RUN" starttime="20230303 10:52:26.567" endtime="20230303 10:52:26.567"/>
</kw>
<status status="FAIL" starttime="20230303 10:51:52.548" endtime="20230303 10:52:26.567">Element '//android.view.ViewGroup[1]/android.widget.FrameLayout[1]/android.widget.LinearLayout/android.widget.LinearLayout/android.widget.TextView' did not appear in 10 seconds</status>
</test>
<status status="FAIL" starttime="20230303 10:51:52.372" endtime="20230303 10:52:26.568"/>
</suite>
<statistics>
<total>
<stat pass="0" fail="1" skip="0">All Tests</stat>
</total>
<tag>
</tag>
<suite>
<stat pass="0" fail="1" skip="0" id="s1" name="MyFund">MyFund</stat>
</suite>
</statistics>
<errors>
<msg timestamp="20230303 10:52:26.563" level="WARN">Keyword 'Capture Page Screenshot' could not be run on failure: ScreenshotException: Message: Failed to capture a screenshot. Does the current view have 'secure' flag set?
Stacktrace:
io.appium.uiautomator2.common.exceptions.TakeScreenshotException: Failed to capture a screenshot. Does the current view have 'secure' flag set?
	at io.appium.uiautomator2.utils.ScreenshotHelper.takeDeviceScreenshot(ScreenshotHelper.java:129)
	at io.appium.uiautomator2.utils.ScreenshotHelper.takeScreenshot(ScreenshotHelper.java:62)
	at io.appium.uiautomator2.utils.ScreenshotHelper.takeScreenshot(ScreenshotHelper.java:77)
	at io.appium.uiautomator2.handler.CaptureScreenshot.safeHandle(CaptureScreenshot.java:32)
	at io.appium.uiautomator2.handler.request.SafeRequestHandler.handle(SafeRequestHandler.java:59)
	at io.appium.uiautomator2.server.AppiumServlet.handleRequest(AppiumServlet.java:266)
	at io.appium.uiautomator2.server.AppiumServlet.handleHttpRequest(AppiumServlet.java:260)
	at io.appium.uiautomator2.http.ServerHandler.channelRead(ServerHandler.jav...
    [ Message content over the limit has been removed. ]
	at io.netty.channel.AbstractChannelHandlerContext.invokeChannelRead(AbstractChannelHandlerContext.java:366)
	at io.netty.channel.AbstractChannelHandlerContext.invokeChannelRead(AbstractChannelHandlerContext.java:352)
	at io.netty.channel.DefaultChannelPipeline.fireChannelRead(DefaultChannelPipeline.java:911)
	at io.netty.channel.nio.AbstractNioByteChannel$NioByteUnsafe.read(AbstractNioByteChannel.java:131)
	at io.netty.channel.nio.NioEventLoop.processSelectedKey(NioEventLoop.java:611)
	at io.netty.channel.nio.NioEventLoop.processSelectedKeysOptimized(NioEventLoop.java:552)
	at io.netty.channel.nio.NioEventLoop.processSelectedKeys(NioEventLoop.java:466)
	at io.netty.channel.nio.NioEventLoop.run(NioEventLoop.java:438)
	at io.netty.util.concurrent.SingleThreadEventExecutor$2.run(SingleThreadEventExecutor.java:140)
	at io.netty.util.concurrent.DefaultThreadFactory$DefaultRunnableDecorator.run(DefaultThreadFactory.java:144)
	at java.lang.Thread.run(Thread.java:1012)</msg>
</errors>
</robot>
