<?xml version="1.0" encoding="UTF-8"?>
<robot generator="Robot 6.0.2 (Python 3.11.1 on win32)" generated="20230324 11:43:46.040" rpa="false" schemaversion="3">
<suite id="s1" name="Top New Feed Mobile" source="D:\Mobile Robotframework\TestCase\MyFund\Top_New_Feed\Top_New_Feed_Mobile.robot">
<test id="s1-t1" name="TESTCASE015_Multiple Feed Buy" line="325">
<kw name="Open Application" library="AppiumLibrary">
<arg>${URL}</arg>
<arg>udid=${DEVICE_UDIDLOGIN}</arg>
<arg>platformName=${PLATFORM}</arg>
<arg>platformVersion=${DEVICE_TARGET}</arg>
<arg>deviceName=${DEVICE_NAME}</arg>
<arg>app=${APP_LOCATION}</arg>
<arg>automationName=appium</arg>
<arg>noReset=true</arg>
<doc>Opens a new application to given Appium server.
Capabilities of appium server, Android and iOS,
Please check https://github.com/appium/appium/blob/master/docs/en/writing-running-appium/server-args.md
| *Option*            | *Man.* | *Description*     |
| remote_url          | Yes    | Appium server url |
| alias               | no     | alias             |
| strict_ssl          | No     | allows you to send commands to an invalid certificate host like a self-signed one. |</doc>
<status status="PASS" starttime="20230324 11:43:46.239" endtime="20230324 11:43:53.912"/>
</kw>
<kw name="Verify Progress Bra" library="Top_New_Feed_Mobile_Keywords">
<kw name="Wait Until Element Is Visible" library="AppiumLibrary">
<arg>//android.widget.ProgressBar[@resource-id="com.tisconet.ftc.sit:id/progressBar"]</arg>
<arg>timeout=20s</arg>
<doc>Waits until element specified with `locator` is visible.</doc>
<msg timestamp="20230324 11:43:56.812" level="INFO">xpath criteria: //android.widget.ProgressBar[@resource-id="com.tisconet.ftc.sit:id/progressBar"]
xpath criteria: //android.widget.ProgressBar[@resource-id="com.tisconet.ftc.sit:id/progressBar"]</msg>
<status status="PASS" starttime="20230324 11:43:53.914" endtime="20230324 11:43:56.812"/>
</kw>
<status status="PASS" starttime="20230324 11:43:53.913" endtime="20230324 11:43:56.812"/>
</kw>
<kw name="Press Button Accept Cookie" library="Top_New_Feed_Mobile_Keywords">
<kw name="Run Keyword And Return Status" library="BuiltIn">
<var>${Status}</var>
<arg>AppiumLibrary.Wait Until Element Is Visible</arg>
<arg>${locatAndroidButtonAcceptCookie}</arg>
<arg>timeout=10s</arg>
<doc>Runs the given keyword with given arguments and returns the status as a Boolean value.</doc>
<kw name="Wait Until Element Is Visible" library="AppiumLibrary">
<arg>${locatAndroidButtonAcceptCookie}</arg>
<arg>timeout=10s</arg>
<doc>Waits until element specified with `locator` is visible.</doc>
<msg timestamp="20230324 11:44:00.545" level="INFO">xpath criteria: //android.widget.Button[2]
xpath criteria: //android.widget.Button[2]
xpath criteria: //android.widget.Button[2]</msg>
<status status="PASS" starttime="20230324 11:43:56.813" endtime="20230324 11:44:00.545"/>
</kw>
<msg timestamp="20230324 11:44:00.545" level="INFO">${Status} = True</msg>
<status status="PASS" starttime="20230324 11:43:56.813" endtime="20230324 11:44:00.545"/>
</kw>
<kw name="Run Keyword If" library="BuiltIn">
<arg>'${Status}'=='True'</arg>
<arg>Sleep</arg>
<arg>3s</arg>
<doc>Runs the given keyword with the given arguments, if ``condition`` is true.</doc>
<kw name="Sleep" library="BuiltIn">
<arg>3s</arg>
<doc>Pauses the test executed for the given time.</doc>
<msg timestamp="20230324 11:44:03.546" level="INFO">Slept 3 seconds</msg>
<status status="PASS" starttime="20230324 11:44:00.545" endtime="20230324 11:44:03.546"/>
</kw>
<status status="PASS" starttime="20230324 11:44:00.545" endtime="20230324 11:44:03.546"/>
</kw>
<kw name="Run Keyword If" library="BuiltIn">
<arg>'${Status}'=='True'</arg>
<arg>AppiumLibrary.Click Element</arg>
<arg>${locatAndroidButtonAcceptCookie}</arg>
<doc>Runs the given keyword with the given arguments, if ``condition`` is true.</doc>
<kw name="Click Element" library="AppiumLibrary">
<arg>${locatAndroidButtonAcceptCookie}</arg>
<doc>Click element identified by `locator`.</doc>
<msg timestamp="20230324 11:44:03.549" level="INFO">Clicking element '//android.widget.Button[2]'.</msg>
<msg timestamp="20230324 11:44:03.666" level="INFO">xpath criteria: //android.widget.Button[2]</msg>
<status status="PASS" starttime="20230324 11:44:03.546" endtime="20230324 11:44:03.666"/>
</kw>
<status status="PASS" starttime="20230324 11:44:03.546" endtime="20230324 11:44:03.666"/>
</kw>
<kw name="Log To Console" library="BuiltIn">
<arg>Status=${Status}</arg>
<doc>Logs the given message to the console.</doc>
<status status="PASS" starttime="20230324 11:44:03.666" endtime="20230324 11:44:03.666"/>
</kw>
<status status="PASS" starttime="20230324 11:43:56.812" endtime="20230324 11:44:03.666"/>
</kw>
<kw name="Press Icon Notification" library="Top_New_Feed_Mobile_Keywords">
<kw name="Wait Until Element Is Visible" library="AppiumLibrary">
<arg>${locatAndroidIconNotification}</arg>
<arg>timeout=10s</arg>
<doc>Waits until element specified with `locator` is visible.</doc>
<msg timestamp="20230324 11:44:05.613" level="INFO">xpath criteria: //android.widget.FrameLayout[@resource-id="com.tisconet.ftc.sit:id/notification"]</msg>
<status status="PASS" starttime="20230324 11:44:03.667" endtime="20230324 11:44:05.613"/>
</kw>
<kw name="Click Element" library="AppiumLibrary">
<arg>${locatAndroidIconNotification}</arg>
<doc>Click element identified by `locator`.</doc>
<msg timestamp="20230324 11:44:05.616" level="INFO">Clicking element '//android.widget.FrameLayout[@resource-id="com.tisconet.ftc.sit:id/notification"]'.</msg>
<msg timestamp="20230324 11:44:05.715" level="INFO">xpath criteria: //android.widget.FrameLayout[@resource-id="com.tisconet.ftc.sit:id/notification"]</msg>
<status status="PASS" starttime="20230324 11:44:05.613" endtime="20230324 11:44:05.715"/>
</kw>
<status status="PASS" starttime="20230324 11:44:03.667" endtime="20230324 11:44:05.715"/>
</kw>
<kw name="Verify Message Inbox" library="Top_New_Feed_Mobile_Keywords">
<arg>${VarMessageMultipleCase15#1}</arg>
<arg>${VarMessageDetailMultipleCase15}</arg>
<kw name="Wait Until Page Contains Element" library="AppiumLibrary">
<arg>${locatAndroidMessageTopicInbox}</arg>
<arg>timeout=10s</arg>
<doc>Waits until element specified with `locator` appears on current page.</doc>
<msg timestamp="20230324 11:44:07.264" level="INFO">xpath criteria: //android.view.ViewGroup[1]/android.widget.FrameLayout[1]/android.widget.LinearLayout/android.widget.LinearLayout/android.widget.TextView
xpath criteria: //android.view.ViewGroup[1]/android.widget.FrameLayout[1]/android.widget.LinearLayout/android.widget.LinearLayout/android.widget.TextView</msg>
<status status="PASS" starttime="20230324 11:44:05.717" endtime="20230324 11:44:07.264"/>
</kw>
<kw name="Sleep" library="BuiltIn">
<arg>4s</arg>
<doc>Pauses the test executed for the given time.</doc>
<msg timestamp="20230324 11:44:11.264" level="INFO">Slept 4 seconds</msg>
<status status="PASS" starttime="20230324 11:44:07.264" endtime="20230324 11:44:11.264"/>
</kw>
<kw name="Wait Until Page Contains Element" library="AppiumLibrary">
<arg>//android.widget.LinearLayout/android.widget.LinearLayout/android.widget.TextView[contains(@text,"${TopicValue}")]</arg>
<doc>Waits until element specified with `locator` appears on current page.</doc>
<msg timestamp="20230324 11:44:11.324" level="INFO">xpath criteria: //android.widget.LinearLayout/android.widget.LinearLayout/android.widget.TextView[contains(@text,"Automate mutiple notification Buy#1")]</msg>
<status status="PASS" starttime="20230324 11:44:11.264" endtime="20230324 11:44:11.324"/>
</kw>
<kw name="Wait Until Page Contains Element" library="AppiumLibrary">
<arg>//android.widget.LinearLayout/android.widget.LinearLayout/android.widget.TextView[1][contains(@text,"${DetailValue}")]</arg>
<doc>Waits until element specified with `locator` appears on current page.</doc>
<msg timestamp="20230324 11:44:11.384" level="INFO">xpath criteria: //android.widget.LinearLayout/android.widget.LinearLayout/android.widget.TextView[1][contains(@text,"Dear value customer,
Fund TINC-A meet target top earning 10% in 3 month.
If you want to invest on this fund please buy.")]</msg>
<status status="PASS" starttime="20230324 11:44:11.324" endtime="20230324 11:44:11.384"/>
</kw>
<status status="PASS" starttime="20230324 11:44:05.716" endtime="20230324 11:44:11.384"/>
</kw>
<kw name="Select Topic" library="Top_New_Feed_Mobile_Keywords">
<arg>${VarMessageMultipleCase15#1}</arg>
<kw name="Sleep" library="BuiltIn">
<arg>5s</arg>
<doc>Pauses the test executed for the given time.</doc>
<msg timestamp="20230324 11:44:16.386" level="INFO">Slept 5 seconds</msg>
<status status="PASS" starttime="20230324 11:44:11.385" endtime="20230324 11:44:16.386"/>
</kw>
<kw name="Click Element" library="AppiumLibrary">
<arg>//android.widget.TextView[@resource-id="com.tisconet.ftc.sit:id/tvHeader"][contains(@text,"${Topic}")]</arg>
<doc>Click element identified by `locator`.</doc>
<msg timestamp="20230324 11:44:16.389" level="INFO">Clicking element '//android.widget.TextView[@resource-id="com.tisconet.ftc.sit:id/tvHeader"][contains(@text,"Automate mutiple notification Buy#1")]'.</msg>
<msg timestamp="20230324 11:44:16.499" level="INFO">xpath criteria: //android.widget.TextView[@resource-id="com.tisconet.ftc.sit:id/tvHeader"][contains(@text,"Automate mutiple notification Buy#1")]</msg>
<status status="PASS" starttime="20230324 11:44:16.386" endtime="20230324 11:44:16.499"/>
</kw>
<status status="PASS" starttime="20230324 11:44:11.385" endtime="20230324 11:44:16.499"/>
</kw>
<kw name="Verify Message Detail In Inbox" library="Top_New_Feed_Mobile_Keywords">
<arg>${VarMessageMultipleCase15#1}</arg>
<arg>${VarMessageDetailMultipleCase15}</arg>
<kw name="Wait Until Page Contains Element" library="AppiumLibrary">
<arg>${locatAndroidMessageTopicInboxIn}</arg>
<arg>timeout=10s</arg>
<doc>Waits until element specified with `locator` appears on current page.</doc>
<msg timestamp="20230324 11:44:16.610" level="INFO">xpath criteria: //android.widget.ScrollView/android.widget.LinearLayout/android.widget.TextView[1]</msg>
<status status="PASS" starttime="20230324 11:44:16.500" endtime="20230324 11:44:16.610"/>
</kw>
<kw name="Sleep" library="BuiltIn">
<arg>4s</arg>
<doc>Pauses the test executed for the given time.</doc>
<msg timestamp="20230324 11:44:20.610" level="INFO">Slept 4 seconds</msg>
<status status="PASS" starttime="20230324 11:44:16.610" endtime="20230324 11:44:20.610"/>
</kw>
<kw name="Wait Until Page Contains Element" library="AppiumLibrary">
<arg>//android.widget.LinearLayout/android.widget.TextView[1][contains(@text,"${TopicValue}")]</arg>
<arg>timeout=10s</arg>
<doc>Waits until element specified with `locator` appears on current page.</doc>
<msg timestamp="20230324 11:44:20.632" level="INFO">xpath criteria: //android.widget.LinearLayout/android.widget.TextView[1][contains(@text,"Automate mutiple notification Buy#1")]</msg>
<status status="PASS" starttime="20230324 11:44:20.610" endtime="20230324 11:44:20.632"/>
</kw>
<kw name="Text Shoud Be Equal" library="Top_New_Feed_Mobile_Keywords">
<arg>${locatAndroidMessageDetailInboxIn}</arg>
<arg>${DetailValue}</arg>
<kw name="Get Text" library="AppiumLibrary">
<var>${ActualValue}</var>
<arg>${Locator}</arg>
<doc>Get element text (for hybrid and mobile browser use `xpath` locator, others might cause problem)</doc>
<msg timestamp="20230324 11:44:20.670" level="INFO">Element '//android.widget.ScrollView/android.widget.TextView' text is 'Dear value customer,
Fund TINC-A meet target top earning 10% in 3 month.
If you want to invest on this fund please buy.' </msg>
<msg timestamp="20230324 11:44:20.670" level="INFO">xpath criteria: //android.widget.ScrollView/android.widget.TextView</msg>
<msg timestamp="20230324 11:44:20.670" level="INFO">${ActualValue} = Dear value customer,
Fund TINC-A meet target top earning 10% in 3 month.
If you want to invest on this fund please buy.</msg>
<status status="PASS" starttime="20230324 11:44:20.633" endtime="20230324 11:44:20.670"/>
</kw>
<kw name="Should Be Equal" library="BuiltIn">
<arg>${ActualValue}</arg>
<arg>${ExpectValue}</arg>
<doc>Fails if the given objects are unequal.</doc>
<status status="PASS" starttime="20230324 11:44:20.670" endtime="20230324 11:44:20.670"/>
</kw>
<status status="PASS" starttime="20230324 11:44:20.632" endtime="20230324 11:44:20.670"/>
</kw>
<status status="PASS" starttime="20230324 11:44:16.500" endtime="20230324 11:44:20.670"/>
</kw>
<kw name="Verify Button Interested in Invest" library="Top_New_Feed_Mobile_Keywords">
<kw name="Wait Until Page Contains Element" library="AppiumLibrary">
<arg>//android.widget.Button[contains(@text,"สนใจลงทุน")]</arg>
<doc>Waits until element specified with `locator` appears on current page.</doc>
<msg timestamp="20230324 11:44:20.693" level="INFO">xpath criteria: //android.widget.Button[contains(@text,"สนใจลงทุน")]</msg>
<status status="PASS" starttime="20230324 11:44:20.671" endtime="20230324 11:44:20.693"/>
</kw>
<status status="PASS" starttime="20230324 11:44:20.671" endtime="20230324 11:44:20.693"/>
</kw>
<kw name="Press Button Back" library="Top_New_Feed_Mobile_Keywords">
<kw name="Click Element" library="AppiumLibrary">
<arg>${locatAndroidButtonBackInbox}</arg>
<doc>Click element identified by `locator`.</doc>
<msg timestamp="20230324 11:44:20.697" level="INFO">Clicking element '//android.widget.TextView[contains(@text,"กลับ")]'.</msg>
<msg timestamp="20230324 11:44:21.468" level="INFO">xpath criteria: //android.widget.TextView[contains(@text,"กลับ")]</msg>
<status status="PASS" starttime="20230324 11:44:20.694" endtime="20230324 11:44:21.468"/>
</kw>
<status status="PASS" starttime="20230324 11:44:20.694" endtime="20230324 11:44:21.468"/>
</kw>
<kw name="Verify Message Inbox" library="Top_New_Feed_Mobile_Keywords">
<arg>${VarMessageMultipleCase15#2}</arg>
<arg>${VarMessageDetailMultipleCase15#2}</arg>
<kw name="Wait Until Page Contains Element" library="AppiumLibrary">
<arg>${locatAndroidMessageTopicInbox}</arg>
<arg>timeout=10s</arg>
<doc>Waits until element specified with `locator` appears on current page.</doc>
<msg timestamp="20230324 11:44:21.525" level="INFO">xpath criteria: //android.view.ViewGroup[1]/android.widget.FrameLayout[1]/android.widget.LinearLayout/android.widget.LinearLayout/android.widget.TextView</msg>
<status status="PASS" starttime="20230324 11:44:21.469" endtime="20230324 11:44:21.525"/>
</kw>
<kw name="Sleep" library="BuiltIn">
<arg>4s</arg>
<doc>Pauses the test executed for the given time.</doc>
<msg timestamp="20230324 11:44:25.525" level="INFO">Slept 4 seconds</msg>
<status status="PASS" starttime="20230324 11:44:21.525" endtime="20230324 11:44:25.525"/>
</kw>
<kw name="Wait Until Page Contains Element" library="AppiumLibrary">
<arg>//android.widget.LinearLayout/android.widget.LinearLayout/android.widget.TextView[contains(@text,"${TopicValue}")]</arg>
<doc>Waits until element specified with `locator` appears on current page.</doc>
<msg timestamp="20230324 11:44:25.585" level="INFO">xpath criteria: //android.widget.LinearLayout/android.widget.LinearLayout/android.widget.TextView[contains(@text,"Automate mutiple notification Buy#2")]</msg>
<status status="PASS" starttime="20230324 11:44:25.525" endtime="20230324 11:44:25.585"/>
</kw>
<kw name="Wait Until Page Contains Element" library="AppiumLibrary">
<arg>//android.widget.LinearLayout/android.widget.LinearLayout/android.widget.TextView[1][contains(@text,"${DetailValue}")]</arg>
<doc>Waits until element specified with `locator` appears on current page.</doc>
<msg timestamp="20230324 11:44:25.642" level="INFO">xpath criteria: //android.widget.LinearLayout/android.widget.LinearLayout/android.widget.TextView[1][contains(@text,"Dear value customer,
Fund TINC-A win fund award from SET.
If you want to invest on this fund please buy.")]</msg>
<status status="PASS" starttime="20230324 11:44:25.585" endtime="20230324 11:44:25.642"/>
</kw>
<status status="PASS" starttime="20230324 11:44:21.468" endtime="20230324 11:44:25.643"/>
</kw>
<kw name="Select Topic" library="Top_New_Feed_Mobile_Keywords">
<arg>${VarMessageMultipleCase15#2}</arg>
<kw name="Sleep" library="BuiltIn">
<arg>5s</arg>
<doc>Pauses the test executed for the given time.</doc>
<msg timestamp="20230324 11:44:30.644" level="INFO">Slept 5 seconds</msg>
<status status="PASS" starttime="20230324 11:44:25.643" endtime="20230324 11:44:30.644"/>
</kw>
<kw name="Click Element" library="AppiumLibrary">
<arg>//android.widget.TextView[@resource-id="com.tisconet.ftc.sit:id/tvHeader"][contains(@text,"${Topic}")]</arg>
<doc>Click element identified by `locator`.</doc>
<msg timestamp="20230324 11:44:30.647" level="INFO">Clicking element '//android.widget.TextView[@resource-id="com.tisconet.ftc.sit:id/tvHeader"][contains(@text,"Automate mutiple notification Buy#2")]'.</msg>
<msg timestamp="20230324 11:44:30.731" level="INFO">xpath criteria: //android.widget.TextView[@resource-id="com.tisconet.ftc.sit:id/tvHeader"][contains(@text,"Automate mutiple notification Buy#2")]</msg>
<status status="PASS" starttime="20230324 11:44:30.644" endtime="20230324 11:44:30.731"/>
</kw>
<status status="PASS" starttime="20230324 11:44:25.643" endtime="20230324 11:44:30.731"/>
</kw>
<kw name="Verify Message Detail In Inbox" library="Top_New_Feed_Mobile_Keywords">
<arg>${VarMessageMultipleCase15#2}</arg>
<arg>${VarMessageDetailMultipleCase15#2}</arg>
<kw name="Wait Until Page Contains Element" library="AppiumLibrary">
<arg>${locatAndroidMessageTopicInboxIn}</arg>
<arg>timeout=10s</arg>
<doc>Waits until element specified with `locator` appears on current page.</doc>
<msg timestamp="20230324 11:44:30.773" level="INFO">xpath criteria: //android.widget.ScrollView/android.widget.LinearLayout/android.widget.TextView[1]</msg>
<status status="PASS" starttime="20230324 11:44:30.732" endtime="20230324 11:44:30.773"/>
</kw>
<kw name="Sleep" library="BuiltIn">
<arg>4s</arg>
<doc>Pauses the test executed for the given time.</doc>
<msg timestamp="20230324 11:44:34.773" level="INFO">Slept 4 seconds</msg>
<status status="PASS" starttime="20230324 11:44:30.773" endtime="20230324 11:44:34.773"/>
</kw>
<kw name="Wait Until Page Contains Element" library="AppiumLibrary">
<arg>//android.widget.LinearLayout/android.widget.TextView[1][contains(@text,"${TopicValue}")]</arg>
<arg>timeout=10s</arg>
<doc>Waits until element specified with `locator` appears on current page.</doc>
<msg timestamp="20230324 11:44:34.799" level="INFO">xpath criteria: //android.widget.LinearLayout/android.widget.TextView[1][contains(@text,"Automate mutiple notification Buy#2")]</msg>
<status status="PASS" starttime="20230324 11:44:34.773" endtime="20230324 11:44:34.799"/>
</kw>
<kw name="Text Shoud Be Equal" library="Top_New_Feed_Mobile_Keywords">
<arg>${locatAndroidMessageDetailInboxIn}</arg>
<arg>${DetailValue}</arg>
<kw name="Get Text" library="AppiumLibrary">
<var>${ActualValue}</var>
<arg>${Locator}</arg>
<doc>Get element text (for hybrid and mobile browser use `xpath` locator, others might cause problem)</doc>
<msg timestamp="20230324 11:44:34.839" level="INFO">Element '//android.widget.ScrollView/android.widget.TextView' text is 'Dear value customer,
Fund TINC-A win fund award from SET.
If you want to invest on this fund please buy.' </msg>
<msg timestamp="20230324 11:44:34.839" level="INFO">xpath criteria: //android.widget.ScrollView/android.widget.TextView</msg>
<msg timestamp="20230324 11:44:34.839" level="INFO">${ActualValue} = Dear value customer,
Fund TINC-A win fund award from SET.
If you want to invest on this fund please buy.</msg>
<status status="PASS" starttime="20230324 11:44:34.800" endtime="20230324 11:44:34.839"/>
</kw>
<kw name="Should Be Equal" library="BuiltIn">
<arg>${ActualValue}</arg>
<arg>${ExpectValue}</arg>
<doc>Fails if the given objects are unequal.</doc>
<status status="PASS" starttime="20230324 11:44:34.840" endtime="20230324 11:44:34.840"/>
</kw>
<status status="PASS" starttime="20230324 11:44:34.799" endtime="20230324 11:44:34.840"/>
</kw>
<status status="PASS" starttime="20230324 11:44:30.732" endtime="20230324 11:44:34.840"/>
</kw>
<kw name="Verify Button Interested in Invest" library="Top_New_Feed_Mobile_Keywords">
<kw name="Wait Until Page Contains Element" library="AppiumLibrary">
<arg>//android.widget.Button[contains(@text,"สนใจลงทุน")]</arg>
<doc>Waits until element specified with `locator` appears on current page.</doc>
<msg timestamp="20230324 11:44:34.864" level="INFO">xpath criteria: //android.widget.Button[contains(@text,"สนใจลงทุน")]</msg>
<status status="PASS" starttime="20230324 11:44:34.841" endtime="20230324 11:44:34.864"/>
</kw>
<status status="PASS" starttime="20230324 11:44:34.840" endtime="20230324 11:44:34.864"/>
</kw>
<kw name="Click Button Interested in Invest" library="Top_New_Feed_Mobile_Keywords">
<kw name="Click Element" library="AppiumLibrary">
<arg>//android.widget.Button[contains(@text,"สนใจลงทุน")]</arg>
<doc>Click element identified by `locator`.</doc>
<msg timestamp="20230324 11:44:34.868" level="INFO">Clicking element '//android.widget.Button[contains(@text,"สนใจลงทุน")]'.</msg>
<msg timestamp="20230324 11:44:34.932" level="INFO">xpath criteria: //android.widget.Button[contains(@text,"สนใจลงทุน")]</msg>
<status status="PASS" starttime="20230324 11:44:34.865" endtime="20230324 11:44:34.932"/>
</kw>
<status status="PASS" starttime="20230324 11:44:34.865" endtime="20230324 11:44:34.932"/>
</kw>
<kw name="Click Pin" library="Top_New_Feed_Mobile_Keywords">
<arg>1</arg>
<arg>1</arg>
<arg>2</arg>
<arg>2</arg>
<arg>3</arg>
<arg>3</arg>
<kw name="Sleep" library="BuiltIn">
<arg>3s</arg>
<doc>Pauses the test executed for the given time.</doc>
<msg timestamp="20230324 11:44:37.933" level="INFO">Slept 3 seconds</msg>
<status status="PASS" starttime="20230324 11:44:34.933" endtime="20230324 11:44:37.933"/>
</kw>
<kw name="Wait Until Page Contains Element" library="AppiumLibrary">
<arg>${locatLabelPleaseInputPIN}</arg>
<doc>Waits until element specified with `locator` appears on current page.</doc>
<msg timestamp="20230324 11:44:37.966" level="INFO">xpath criteria: //android.widget.LinearLayout[1]/android.widget.TextView[contains(@text,"กรุณากด PIN เพื่อเข้าสู่ระบบ")]</msg>
<status status="PASS" starttime="20230324 11:44:37.933" endtime="20230324 11:44:37.966"/>
</kw>
<kw name="Click Element" library="AppiumLibrary">
<arg>//*[@resource-id="com.tisconet.ftc.sit:id/btn_pin${Nummber1}"]</arg>
<doc>Click element identified by `locator`.</doc>
<msg timestamp="20230324 11:44:37.969" level="INFO">Clicking element '//*[@resource-id="com.tisconet.ftc.sit:id/btn_pin1"]'.</msg>
<msg timestamp="20230324 11:44:38.032" level="INFO">xpath criteria: //*[@resource-id="com.tisconet.ftc.sit:id/btn_pin1"]</msg>
<status status="PASS" starttime="20230324 11:44:37.966" endtime="20230324 11:44:38.032"/>
</kw>
<kw name="Click Element" library="AppiumLibrary">
<arg>//*[@resource-id="com.tisconet.ftc.sit:id/btn_pin${Nummber2}"]</arg>
<doc>Click element identified by `locator`.</doc>
<msg timestamp="20230324 11:44:38.036" level="INFO">Clicking element '//*[@resource-id="com.tisconet.ftc.sit:id/btn_pin1"]'.</msg>
<msg timestamp="20230324 11:44:38.566" level="INFO">xpath criteria: //*[@resource-id="com.tisconet.ftc.sit:id/btn_pin1"]</msg>
<status status="PASS" starttime="20230324 11:44:38.032" endtime="20230324 11:44:38.567"/>
</kw>
<kw name="Click Element" library="AppiumLibrary">
<arg>//*[@resource-id="com.tisconet.ftc.sit:id/btn_pin${Nummber3}"]</arg>
<doc>Click element identified by `locator`.</doc>
<msg timestamp="20230324 11:44:38.570" level="INFO">Clicking element '//*[@resource-id="com.tisconet.ftc.sit:id/btn_pin2"]'.</msg>
<msg timestamp="20230324 11:44:39.099" level="INFO">xpath criteria: //*[@resource-id="com.tisconet.ftc.sit:id/btn_pin2"]</msg>
<status status="PASS" starttime="20230324 11:44:38.567" endtime="20230324 11:44:39.099"/>
</kw>
<kw name="Click Element" library="AppiumLibrary">
<arg>//*[@resource-id="com.tisconet.ftc.sit:id/btn_pin${Nummber4}"]</arg>
<doc>Click element identified by `locator`.</doc>
<msg timestamp="20230324 11:44:39.103" level="INFO">Clicking element '//*[@resource-id="com.tisconet.ftc.sit:id/btn_pin2"]'.</msg>
<msg timestamp="20230324 11:44:39.632" level="INFO">xpath criteria: //*[@resource-id="com.tisconet.ftc.sit:id/btn_pin2"]</msg>
<status status="PASS" starttime="20230324 11:44:39.099" endtime="20230324 11:44:39.632"/>
</kw>
<kw name="Click Element" library="AppiumLibrary">
<arg>//*[@resource-id="com.tisconet.ftc.sit:id/btn_pin${Nummber5}"]</arg>
<doc>Click element identified by `locator`.</doc>
<msg timestamp="20230324 11:44:39.635" level="INFO">Clicking element '//*[@resource-id="com.tisconet.ftc.sit:id/btn_pin3"]'.</msg>
<msg timestamp="20230324 11:44:40.165" level="INFO">xpath criteria: //*[@resource-id="com.tisconet.ftc.sit:id/btn_pin3"]</msg>
<status status="PASS" starttime="20230324 11:44:39.632" endtime="20230324 11:44:40.165"/>
</kw>
<kw name="Click Element" library="AppiumLibrary">
<arg>//*[@resource-id="com.tisconet.ftc.sit:id/btn_pin${Nummber6}"]</arg>
<doc>Click element identified by `locator`.</doc>
<msg timestamp="20230324 11:44:40.168" level="INFO">Clicking element '//*[@resource-id="com.tisconet.ftc.sit:id/btn_pin3"]'.</msg>
<msg timestamp="20230324 11:44:40.699" level="INFO">xpath criteria: //*[@resource-id="com.tisconet.ftc.sit:id/btn_pin3"]</msg>
<status status="PASS" starttime="20230324 11:44:40.165" endtime="20230324 11:44:40.699"/>
</kw>
<kw name="Capture Page Screenshot" library="AppiumLibrary">
<arg>ClickPin.png</arg>
<doc>Takes a screenshot of the current page and embeds it into the log.</doc>
<msg timestamp="20230324 11:44:41.160" level="INFO" html="true">&lt;/td&gt;&lt;/tr&gt;&lt;tr&gt;&lt;td colspan="3"&gt;&lt;a href="ClickPin.png"&gt;&lt;img src="ClickPin.png" width="800px"&gt;&lt;/a&gt;</msg>
<status status="PASS" starttime="20230324 11:44:40.699" endtime="20230324 11:44:41.160"/>
</kw>
<status status="PASS" starttime="20230324 11:44:34.933" endtime="20230324 11:44:41.160"/>
</kw>
<kw name="Verify Mobile Loading Is Done" library="Top_New_Feed_Mobile_Keywords">
<kw name="Wait Until Page Does Not Contain Element" library="AppiumLibrary">
<arg>//*[contains(@text,"กรุณารอสักครู่")]</arg>
<doc>Waits until element specified with `locator` disappears from current page.</doc>
<msg timestamp="20230324 11:44:41.673" level="INFO">xpath criteria: //*[contains(@text,"กรุณารอสักครู่")]</msg>
<status status="PASS" starttime="20230324 11:44:41.161" endtime="20230324 11:44:41.673"/>
</kw>
<kw name="Sleep" library="BuiltIn">
<arg>5s</arg>
<doc>Pauses the test executed for the given time.</doc>
<msg timestamp="20230324 11:44:46.673" level="INFO">Slept 5 seconds</msg>
<status status="PASS" starttime="20230324 11:44:41.673" endtime="20230324 11:44:46.673"/>
</kw>
<status status="PASS" starttime="20230324 11:44:41.161" endtime="20230324 11:44:46.674"/>
</kw>
<kw name="Verify Default Transaction Screen" library="Top_New_Feed_Mobile_Keywords">
<arg>${varActive}</arg>
<arg>${varNotActive}</arg>
<arg>${varNotActive}</arg>
<arg>${varFundCodeTINC-A}</arg>
<arg>${varFundCodeTINC-A}</arg>
<arg>${varFundNameTINC-A}</arg>
<kw name="Wait Until Page Contains Element" library="AppiumLibrary">
<arg>//android.view.ViewGroup[@resource-id="com.tisconet.ftc.sit:id/toolbar"]//android.widget.TextView[contains(@text,"ทำรายการ")]</arg>
<arg>timeout=10s</arg>
<doc>Waits until element specified with `locator` appears on current page.</doc>
<msg timestamp="20230324 11:44:54.375" level="INFO">xpath criteria: //android.view.ViewGroup[@resource-id="com.tisconet.ftc.sit:id/toolbar"]//android.widget.TextView[contains(@text,"ทำรายการ")]
xpath criteria: //android.view.ViewGroup[@resource-id="com.tisconet.ftc.sit:id/toolbar"]//android.widget.TextView[contains(@text,"ทำรายการ")]
xpath criteria: //android.view.ViewGroup[@resource-id="com.tisconet.ftc.sit:id/toolbar"]//android.widget.TextView[contains(@text,"ทำรายการ")]
xpath criteria: //android.view.ViewGroup[@resource-id="com.tisconet.ftc.sit:id/toolbar"]//android.widget.TextView[contains(@text,"ทำรายการ")]
xpath criteria: //android.view.ViewGroup[@resource-id="com.tisconet.ftc.sit:id/toolbar"]//android.widget.TextView[contains(@text,"ทำรายการ")]
xpath criteria: //android.view.ViewGroup[@resource-id="com.tisconet.ftc.sit:id/toolbar"]//android.widget.TextView[contains(@text,"ทำรายการ")]
xpath criteria: //android.view.ViewGroup[@resource-id="com.tisconet.ftc.sit:id/toolbar"]//android.widget.TextView[contains(@text,"ทำรายการ")]
xpath criteria: //android.view.ViewGroup[@resource-id="com.tisconet.ftc.sit:id/toolbar"]//android.widget.TextView[contains(@text,"ทำรายการ")]
xpath criteria: //android.view.ViewGroup[@resource-id="com.tisconet.ftc.sit:id/toolbar"]//android.widget.TextView[contains(@text,"ทำรายการ")]
xpath criteria: //android.view.ViewGroup[@resource-id="com.tisconet.ftc.sit:id/toolbar"]//android.widget.TextView[contains(@text,"ทำรายการ")]
xpath criteria: //android.view.ViewGroup[@resource-id="com.tisconet.ftc.sit:id/toolbar"]//android.widget.TextView[contains(@text,"ทำรายการ")]
xpath criteria: //android.view.ViewGroup[@resource-id="com.tisconet.ftc.sit:id/toolbar"]//android.widget.TextView[contains(@text,"ทำรายการ")]
xpath criteria: //android.view.ViewGroup[@resource-id="com.tisconet.ftc.sit:id/toolbar"]//android.widget.TextView[contains(@text,"ทำรายการ")]
xpath criteria: //android.view.ViewGroup[@resource-id="com.tisconet.ftc.sit:id/toolbar"]//android.widget.TextView[contains(@text,"ทำรายการ")]
xpath criteria: //android.view.ViewGroup[@resource-id="com.tisconet.ftc.sit:id/toolbar"]//android.widget.TextView[contains(@text,"ทำรายการ")]
xpath criteria: //android.view.ViewGroup[@resource-id="com.tisconet.ftc.sit:id/toolbar"]//android.widget.TextView[contains(@text,"ทำรายการ")]
xpath criteria: //android.view.ViewGroup[@resource-id="com.tisconet.ftc.sit:id/toolbar"]//android.widget.TextView[contains(@text,"ทำรายการ")]
xpath criteria: //android.view.ViewGroup[@resource-id="com.tisconet.ftc.sit:id/toolbar"]//android.widget.TextView[contains(@text,"ทำรายการ")]
xpath criteria: //android.view.ViewGroup[@resource-id="com.tisconet.ftc.sit:id/toolbar"]//android.widget.TextView[contains(@text,"ทำรายการ")]
xpath criteria: //android.view.ViewGroup[@resource-id="com.tisconet.ftc.sit:id/toolbar"]//android.widget.TextView[contains(@text,"ทำรายการ")]
xpath criteria: //android.view.ViewGroup[@resource-id="com.tisconet.ftc.sit:id/toolbar"]//android.widget.TextView[contains(@text,"ทำรายการ")]</msg>
<status status="PASS" starttime="20230324 11:44:46.674" endtime="20230324 11:44:54.375"/>
</kw>
<kw name="Wait Until Page Contains Element" library="AppiumLibrary">
<arg>//android.view.ViewGroup[@resource-id="com.tisconet.ftc.sit:id/toolbar"]//android.widget.TextView[contains(@text,"สถานะ")]</arg>
<arg>timeout=10s</arg>
<doc>Waits until element specified with `locator` appears on current page.</doc>
<msg timestamp="20230324 11:44:54.406" level="INFO">xpath criteria: //android.view.ViewGroup[@resource-id="com.tisconet.ftc.sit:id/toolbar"]//android.widget.TextView[contains(@text,"สถานะ")]</msg>
<status status="PASS" starttime="20230324 11:44:54.375" endtime="20230324 11:44:54.406"/>
</kw>
<kw name="Wait Until Page Contains Element" library="AppiumLibrary">
<arg>//android.widget.LinearLayout[@resource-id="com.tisconet.ftc.sit:id/btnOrderStatus"]//android.widget.ImageView</arg>
<arg>timeout=10s</arg>
<doc>Waits until element specified with `locator` appears on current page.</doc>
<msg timestamp="20230324 11:44:54.439" level="INFO">xpath criteria: //android.widget.LinearLayout[@resource-id="com.tisconet.ftc.sit:id/btnOrderStatus"]//android.widget.ImageView</msg>
<status status="PASS" starttime="20230324 11:44:54.406" endtime="20230324 11:44:54.439"/>
</kw>
<kw name="Wait Until Page Contains Element" library="AppiumLibrary">
<arg>//android.widget.RadioButton[@resource-id="com.tisconet.ftc.sit:id/rdBuy"][@checked="${Buy}"]</arg>
<arg>timeout=10s</arg>
<doc>Waits until element specified with `locator` appears on current page.</doc>
<msg timestamp="20230324 11:44:54.480" level="INFO">xpath criteria: //android.widget.RadioButton[@resource-id="com.tisconet.ftc.sit:id/rdBuy"][@checked="true"]</msg>
<status status="PASS" starttime="20230324 11:44:54.440" endtime="20230324 11:44:54.480"/>
</kw>
<kw name="Wait Until Page Contains Element" library="AppiumLibrary">
<arg>//android.widget.RadioButton[@resource-id="com.tisconet.ftc.sit:id/rdSell"][@checked="${Sell}"]</arg>
<arg>timeout=10s</arg>
<doc>Waits until element specified with `locator` appears on current page.</doc>
<msg timestamp="20230324 11:44:54.514" level="INFO">xpath criteria: //android.widget.RadioButton[@resource-id="com.tisconet.ftc.sit:id/rdSell"][@checked="false"]</msg>
<status status="PASS" starttime="20230324 11:44:54.480" endtime="20230324 11:44:54.514"/>
</kw>
<kw name="Wait Until Page Contains Element" library="AppiumLibrary">
<arg>//android.widget.RadioButton[@resource-id="com.tisconet.ftc.sit:id/rdTrade"][@checked="${Trade}"]</arg>
<arg>timeout=10s</arg>
<doc>Waits until element specified with `locator` appears on current page.</doc>
<msg timestamp="20230324 11:44:54.552" level="INFO">xpath criteria: //android.widget.RadioButton[@resource-id="com.tisconet.ftc.sit:id/rdTrade"][@checked="false"]</msg>
<status status="PASS" starttime="20230324 11:44:54.514" endtime="20230324 11:44:54.552"/>
</kw>
<kw name="Wait Until Page Contains Element" library="AppiumLibrary">
<arg>//android.widget.EditText[@resource-id="com.tisconet.ftc.sit:id/edtSearch"][contains(@text,"${SearchDefault}")]</arg>
<arg>timeout=10s</arg>
<doc>Waits until element specified with `locator` appears on current page.</doc>
<msg timestamp="20230324 11:44:54.597" level="INFO">xpath criteria: //android.widget.EditText[@resource-id="com.tisconet.ftc.sit:id/edtSearch"][contains(@text,"TINC-A")]</msg>
<status status="PASS" starttime="20230324 11:44:54.552" endtime="20230324 11:44:54.597"/>
</kw>
<kw name="Wait Until Page Contains Element" library="AppiumLibrary">
<arg>//android.widget.TextView[@resource-id="com.tisconet.ftc.sit:id/tvFundName"][contains(@text,"${FundListSearch}")]</arg>
<arg>timeout=10s</arg>
<doc>Waits until element specified with `locator` appears on current page.</doc>
<msg timestamp="20230324 11:44:54.628" level="INFO">xpath criteria: //android.widget.TextView[@resource-id="com.tisconet.ftc.sit:id/tvFundName"][contains(@text,"TINC-A")]</msg>
<status status="PASS" starttime="20230324 11:44:54.597" endtime="20230324 11:44:54.629"/>
</kw>
<kw name="Wait Until Page Contains Element" library="AppiumLibrary">
<arg>//android.widget.TextView[@resource-id="com.tisconet.ftc.sit:id/tvFundNameTH"][contains(@text,"${FundName}")]</arg>
<arg>timeout=10s</arg>
<doc>Waits until element specified with `locator` appears on current page.</doc>
<msg timestamp="20230324 11:44:54.660" level="INFO">xpath criteria: //android.widget.TextView[@resource-id="com.tisconet.ftc.sit:id/tvFundNameTH"][contains(@text,"กองทุนเปิด ทิสโก้ อินคัม พลัส ชนิดหน่วยลงทุน A")]</msg>
<status status="PASS" starttime="20230324 11:44:54.629" endtime="20230324 11:44:54.660"/>
</kw>
<kw name="Wait Until Page Contains Element" library="AppiumLibrary">
<arg>//android.widget.TextView[@resource-id="com.tisconet.ftc.sit:id/tvFundPrice"]</arg>
<arg>timeout=10s</arg>
<doc>Waits until element specified with `locator` appears on current page.</doc>
<msg timestamp="20230324 11:44:54.697" level="INFO">xpath criteria: //android.widget.TextView[@resource-id="com.tisconet.ftc.sit:id/tvFundPrice"]</msg>
<status status="PASS" starttime="20230324 11:44:54.660" endtime="20230324 11:44:54.697"/>
</kw>
<status status="PASS" starttime="20230324 11:44:46.674" endtime="20230324 11:44:54.697"/>
</kw>
<tag>Buy</tag>
<tag>Multiple</tag>
<status status="PASS" starttime="20230324 11:43:46.238" endtime="20230324 11:44:54.697"/>
</test>
<status status="PASS" starttime="20230324 11:43:46.041" endtime="20230324 11:44:54.698"/>
</suite>
<statistics>
<total>
<stat pass="1" fail="0" skip="0">All Tests</stat>
</total>
<tag>
<stat pass="1" fail="0" skip="0">Buy</stat>
<stat pass="1" fail="0" skip="0">Multiple</stat>
</tag>
<suite>
<stat pass="1" fail="0" skip="0" id="s1" name="Top New Feed Mobile">Top New Feed Mobile</stat>
</suite>
</statistics>
<errors>
</errors>
</robot>
