<?xml version="1.0" encoding="UTF-8"?>
<robot generator="Robot 6.0.2 (Python 3.11.1 on win32)" generated="20230323 14:12:51.281" rpa="false" schemaversion="3">
<suite id="s1" name="Top New Feed Mobile" source="C:\Users\ISAKA\Documents\Mobile-Robot-Framework\TestCase\MyFund\Top_New_Feed\Top_New_Feed_Mobile.robot">
<test id="s1-t1" name="TESTCASE018_multiple feed switch as schedule" line="302">
<kw name="Open Application" library="AppiumLibrary">
<arg>${URL}</arg>
<arg>udid=${DEVICE_UDIDLOGIN}</arg>
<arg>platformName=${PLATFORM}</arg>
<arg>platformVersion=${DEVICE_TARGET}</arg>
<arg>deviceName=${DEVICE_NAME}</arg>
<arg>app=${APP_LOCATION}</arg>
<arg>automationName=appium</arg>
<arg>noReset=true</arg>
<doc>Opens a new application to given Appium server.
Capabilities of appium server, Android and iOS,
Please check https://github.com/appium/appium/blob/master/docs/en/writing-running-appium/server-args.md
| *Option*            | *Man.* | *Description*     |
| remote_url          | Yes    | Appium server url |
| alias               | no     | alias             |
| strict_ssl          | No     | allows you to send commands to an invalid certificate host like a self-signed one. |</doc>
<status status="PASS" starttime="20230323 14:12:51.463" endtime="20230323 14:12:58.999"/>
</kw>
<kw name="Verify Progress Bra" library="Top_New_Feed_Mobile_Keywords">
<kw name="Wait Until Element Is Visible" library="AppiumLibrary">
<arg>//android.widget.ProgressBar[@resource-id="com.tisconet.ftc.sit:id/progressBar"]</arg>
<arg>timeout=20s</arg>
<doc>Waits until element specified with `locator` is visible.</doc>
<msg timestamp="20230323 14:13:02.387" level="INFO">xpath criteria: //android.widget.ProgressBar[@resource-id="com.tisconet.ftc.sit:id/progressBar"]
xpath criteria: //android.widget.ProgressBar[@resource-id="com.tisconet.ftc.sit:id/progressBar"]</msg>
<status status="PASS" starttime="20230323 14:12:59.000" endtime="20230323 14:13:02.387"/>
</kw>
<status status="PASS" starttime="20230323 14:12:59.000" endtime="20230323 14:13:02.387"/>
</kw>
<kw name="Press Button Accept Cookie" library="Top_New_Feed_Mobile_Keywords">
<kw name="Run Keyword And Return Status" library="BuiltIn">
<var>${Status}</var>
<arg>AppiumLibrary.Wait Until Element Is Visible</arg>
<arg>${locatAndroidButtonAcceptCookie}</arg>
<arg>timeout=10s</arg>
<doc>Runs the given keyword with given arguments and returns the status as a Boolean value.</doc>
<kw name="Wait Until Element Is Visible" library="AppiumLibrary">
<arg>${locatAndroidButtonAcceptCookie}</arg>
<arg>timeout=10s</arg>
<doc>Waits until element specified with `locator` is visible.</doc>
<msg timestamp="20230323 14:13:05.405" level="INFO">xpath criteria: //android.widget.Button[2]
xpath criteria: //android.widget.Button[2]</msg>
<status status="PASS" starttime="20230323 14:13:02.388" endtime="20230323 14:13:05.405"/>
</kw>
<msg timestamp="20230323 14:13:05.405" level="INFO">${Status} = True</msg>
<status status="PASS" starttime="20230323 14:13:02.388" endtime="20230323 14:13:05.405"/>
</kw>
<kw name="Run Keyword If" library="BuiltIn">
<arg>'${Status}'=='True'</arg>
<arg>Sleep</arg>
<arg>3s</arg>
<doc>Runs the given keyword with the given arguments, if ``condition`` is true.</doc>
<kw name="Sleep" library="BuiltIn">
<arg>3s</arg>
<doc>Pauses the test executed for the given time.</doc>
<msg timestamp="20230323 14:13:08.407" level="INFO">Slept 3 seconds</msg>
<status status="PASS" starttime="20230323 14:13:05.406" endtime="20230323 14:13:08.407"/>
</kw>
<status status="PASS" starttime="20230323 14:13:05.405" endtime="20230323 14:13:08.407"/>
</kw>
<kw name="Run Keyword If" library="BuiltIn">
<arg>'${Status}'=='True'</arg>
<arg>AppiumLibrary.Click Element</arg>
<arg>${locatAndroidButtonAcceptCookie}</arg>
<doc>Runs the given keyword with the given arguments, if ``condition`` is true.</doc>
<kw name="Click Element" library="AppiumLibrary">
<arg>${locatAndroidButtonAcceptCookie}</arg>
<doc>Click element identified by `locator`.</doc>
<msg timestamp="20230323 14:13:08.410" level="INFO">Clicking element '//android.widget.Button[2]'.</msg>
<msg timestamp="20230323 14:13:09.516" level="INFO">xpath criteria: //android.widget.Button[2]</msg>
<status status="PASS" starttime="20230323 14:13:08.407" endtime="20230323 14:13:09.516"/>
</kw>
<status status="PASS" starttime="20230323 14:13:08.407" endtime="20230323 14:13:09.516"/>
</kw>
<kw name="Log To Console" library="BuiltIn">
<arg>Status=${Status}</arg>
<doc>Logs the given message to the console.</doc>
<status status="PASS" starttime="20230323 14:13:09.516" endtime="20230323 14:13:09.517"/>
</kw>
<status status="PASS" starttime="20230323 14:13:02.387" endtime="20230323 14:13:09.517"/>
</kw>
<kw name="Press Icon Notification" library="Top_New_Feed_Mobile_Keywords">
<kw name="Wait Until Element Is Visible" library="AppiumLibrary">
<arg>${locatAndroidIconNotification}</arg>
<arg>timeout=10s</arg>
<doc>Waits until element specified with `locator` is visible.</doc>
<msg timestamp="20230323 14:13:10.593" level="INFO">xpath criteria: //android.widget.FrameLayout[@resource-id="com.tisconet.ftc.sit:id/notification"]</msg>
<status status="PASS" starttime="20230323 14:13:09.517" endtime="20230323 14:13:10.593"/>
</kw>
<kw name="Click Element" library="AppiumLibrary">
<arg>${locatAndroidIconNotification}</arg>
<doc>Click element identified by `locator`.</doc>
<msg timestamp="20230323 14:13:10.595" level="INFO">Clicking element '//android.widget.FrameLayout[@resource-id="com.tisconet.ftc.sit:id/notification"]'.</msg>
<msg timestamp="20230323 14:13:10.710" level="INFO">xpath criteria: //android.widget.FrameLayout[@resource-id="com.tisconet.ftc.sit:id/notification"]</msg>
<status status="PASS" starttime="20230323 14:13:10.593" endtime="20230323 14:13:10.710"/>
</kw>
<status status="PASS" starttime="20230323 14:13:09.517" endtime="20230323 14:13:10.710"/>
</kw>
<kw name="Select Topic" library="Top_New_Feed_Mobile_Keywords">
<arg>${VarMessageMultipleCase18}</arg>
<kw name="Sleep" library="BuiltIn">
<arg>5s</arg>
<doc>Pauses the test executed for the given time.</doc>
<msg timestamp="20230323 14:13:15.711" level="INFO">Slept 5 seconds</msg>
<status status="PASS" starttime="20230323 14:13:10.711" endtime="20230323 14:13:15.711"/>
</kw>
<kw name="Click Element" library="AppiumLibrary">
<arg>//android.widget.TextView[@resource-id="com.tisconet.ftc.sit:id/tvHeader"][contains(@text,"${Topic}")]</arg>
<doc>Click element identified by `locator`.</doc>
<msg timestamp="20230323 14:13:15.714" level="INFO">Clicking element '//android.widget.TextView[@resource-id="com.tisconet.ftc.sit:id/tvHeader"][contains(@text,"Automate schedule mutiple notification switch#1")]'.</msg>
<msg timestamp="20230323 14:13:15.818" level="INFO">xpath criteria: //android.widget.TextView[@resource-id="com.tisconet.ftc.sit:id/tvHeader"][contains(@text,"Automate schedule mutiple notification switch#1")]</msg>
<status status="PASS" starttime="20230323 14:13:15.711" endtime="20230323 14:13:15.819"/>
</kw>
<status status="PASS" starttime="20230323 14:13:10.710" endtime="20230323 14:13:15.819"/>
</kw>
<kw name="Verify Message Detail In Inbox" library="Top_New_Feed_Mobile_Keywords">
<arg>${VarMessageMultipleCase18}</arg>
<arg>${VarMessageDetailMultipleCase18}</arg>
<kw name="Wait Until Page Contains Element" library="AppiumLibrary">
<arg>${locatAndroidMessageTopicInboxIn}</arg>
<arg>timeout=10s</arg>
<doc>Waits until element specified with `locator` appears on current page.</doc>
<msg timestamp="20230323 14:13:15.928" level="INFO">xpath criteria: //android.widget.ScrollView/android.widget.LinearLayout/android.widget.TextView[1]</msg>
<status status="PASS" starttime="20230323 14:13:15.820" endtime="20230323 14:13:15.928"/>
</kw>
<kw name="Sleep" library="BuiltIn">
<arg>4s</arg>
<doc>Pauses the test executed for the given time.</doc>
<msg timestamp="20230323 14:13:19.929" level="INFO">Slept 4 seconds</msg>
<status status="PASS" starttime="20230323 14:13:15.929" endtime="20230323 14:13:19.929"/>
</kw>
<kw name="Wait Until Page Contains Element" library="AppiumLibrary">
<arg>//android.widget.LinearLayout/android.widget.TextView[1][contains(@text,"${TopicValue}")]</arg>
<arg>timeout=10s</arg>
<doc>Waits until element specified with `locator` appears on current page.</doc>
<msg timestamp="20230323 14:13:19.953" level="INFO">xpath criteria: //android.widget.LinearLayout/android.widget.TextView[1][contains(@text,"Automate schedule mutiple notification switch#1")]</msg>
<status status="PASS" starttime="20230323 14:13:19.929" endtime="20230323 14:13:19.953"/>
</kw>
<kw name="Text Shoud Be Equal" library="Top_New_Feed_Mobile_Keywords">
<arg>${locatAndroidMessageDetailInboxIn}</arg>
<arg>${DetailValue}</arg>
<kw name="Get Text" library="AppiumLibrary">
<var>${ActualValue}</var>
<arg>${Locator}</arg>
<doc>Get element text (for hybrid and mobile browser use `xpath` locator, others might cause problem)</doc>
<msg timestamp="20230323 14:13:19.993" level="INFO">Element '//android.widget.ScrollView/android.widget.TextView' text is 'Dear value customer
Fund TEGRMF-A will be  terminate soon.
Highly recommend to switch out.' </msg>
<msg timestamp="20230323 14:13:19.993" level="INFO">xpath criteria: //android.widget.ScrollView/android.widget.TextView</msg>
<msg timestamp="20230323 14:13:19.993" level="INFO">${ActualValue} = Dear value customer
Fund TEGRMF-A will be  terminate soon.
Highly recommend to switch out.</msg>
<status status="PASS" starttime="20230323 14:13:19.954" endtime="20230323 14:13:19.993"/>
</kw>
<kw name="Should Be Equal" library="BuiltIn">
<arg>${ActualValue}</arg>
<arg>${ExpectValue}</arg>
<doc>Fails if the given objects are unequal.</doc>
<msg timestamp="20230323 14:13:19.994" level="INFO">Dear value customer
Fund TEGRMF-A will be  terminate soon.
Highly recommend to switch out.

!=

Dear value customer
Fund TEGRMF-A will be terminate soon.
Highly recommend to switch out.</msg>
<msg timestamp="20230323 14:13:19.994" level="FAIL">Multiline strings are different:
--- first
+++ second
@@ -1,3 +1,3 @@
 Dear value customer
-Fund TEGRMF-A will be  terminate soon.
+Fund TEGRMF-A will be terminate soon.
 Highly recommend to switch out.</msg>
<status status="FAIL" starttime="20230323 14:13:19.993" endtime="20230323 14:13:19.994"/>
</kw>
<status status="FAIL" starttime="20230323 14:13:19.953" endtime="20230323 14:13:19.994"/>
</kw>
<status status="FAIL" starttime="20230323 14:13:15.819" endtime="20230323 14:13:19.994"/>
</kw>
<tag>Switch</tag>
<status status="FAIL" starttime="20230323 14:12:51.462" endtime="20230323 14:13:19.995">Multiline strings are different:
--- first
+++ second
@@ -1,3 +1,3 @@
 Dear value customer
-Fund TEGRMF-A will be  terminate soon.
+Fund TEGRMF-A will be terminate soon.
 Highly recommend to switch out.</status>
</test>
<status status="FAIL" starttime="20230323 14:12:51.282" endtime="20230323 14:13:19.996"/>
</suite>
<statistics>
<total>
<stat pass="0" fail="1" skip="0">All Tests</stat>
</total>
<tag>
<stat pass="0" fail="1" skip="0">Switch</stat>
</tag>
<suite>
<stat pass="0" fail="1" skip="0" id="s1" name="Top New Feed Mobile">Top New Feed Mobile</stat>
</suite>
</statistics>
<errors>
</errors>
</robot>
